[0.010s] Invoking command in '/home/jacob/ros2_CPlus/build/practice_interfaces': CMAKE_PREFIX_PATH=${CMAKE_PREFIX_PATH}:/opt/ros/humble /usr/bin/cmake --build /home/jacob/ros2_CPlus/build/practice_interfaces -- -j16 -l16
[0.060s] [  3%] Built target practice_interfaces__cpp
[0.060s] [ 12%] Built target practice_interfaces__rosidl_generator_c
[0.071s] [ 12%] Built target ament_cmake_python_copy_practice_interfaces
[0.081s] [ 29%] Built target practice_interfaces__rosidl_typesupport_introspection_cpp
[0.081s] [ 32%] Built target practice_interfaces__rosidl_typesupport_cpp
[0.081s] [ 51%] Built target practice_interfaces__rosidl_typesupport_fastrtps_c
[0.081s] [ 51%] Built target practice_interfaces__rosidl_typesupport_fastrtps_cpp
[0.092s] [ 70%] Built target practice_interfaces__rosidl_typesupport_introspection_c
[0.092s] [ 70%] Built target practice_interfaces__rosidl_typesupport_c
[0.113s] [ 70%] Built target practice_interfaces
[0.135s] [ 74%] Built target practice_interfaces__py
[0.158s] [ 80%] Built target practice_interfaces__rosidl_generator_py
[0.180s] [ 93%] Built target practice_interfaces__rosidl_typesupport_introspection_c__pyext
[0.180s] [ 93%] Built target practice_interfaces__rosidl_typesupport_c__pyext
[0.181s] [100%] Built target practice_interfaces__rosidl_typesupport_fastrtps_c__pyext
[0.309s] running egg_info
[0.310s] writing practice_interfaces.egg-info/PKG-INFO
[0.310s] writing dependency_links to practice_interfaces.egg-info/dependency_links.txt
[0.310s] writing top-level names to practice_interfaces.egg-info/top_level.txt
[0.318s] reading manifest file 'practice_interfaces.egg-info/SOURCES.txt'
[0.318s] writing manifest file 'practice_interfaces.egg-info/SOURCES.txt'
[0.343s] [100%] Built target ament_cmake_python_build_practice_interfaces_egg
[0.355s] Invoked command in '/home/jacob/ros2_CPlus/build/practice_interfaces' returned '0': CMAKE_PREFIX_PATH=${CMAKE_PREFIX_PATH}:/opt/ros/humble /usr/bin/cmake --build /home/jacob/ros2_CPlus/build/practice_interfaces -- -j16 -l16
[0.428s] Invoking command in '/home/jacob/ros2_CPlus/build/practice_interfaces': CMAKE_PREFIX_PATH=${CMAKE_PREFIX_PATH}:/opt/ros/humble /usr/bin/cmake --install /home/jacob/ros2_CPlus/build/practice_interfaces
[0.443s] -- Install configuration: ""
[0.443s] -- Up-to-date: /home/jacob/ros2_CPlus/install/practice_interfaces/share/ament_index/resource_index/rosidl_interfaces/practice_interfaces
[0.443s] -- Up-to-date: /home/jacob/ros2_CPlus/install/practice_interfaces/include/practice_interfaces/practice_interfaces
[0.443s] -- Up-to-date: /home/jacob/ros2_CPlus/install/practice_interfaces/include/practice_interfaces/practice_interfaces/srv
[0.443s] -- Up-to-date: /home/jacob/ros2_CPlus/install/practice_interfaces/include/practice_interfaces/practice_interfaces/srv/add_two_ints.h
[0.443s] -- Up-to-date: /home/jacob/ros2_CPlus/install/practice_interfaces/include/practice_interfaces/practice_interfaces/srv/detail
[0.444s] -- Up-to-date: /home/jacob/ros2_CPlus/install/practice_interfaces/include/practice_interfaces/practice_interfaces/srv/detail/add_two_ints__functions.c
[0.444s] -- Up-to-date: /home/jacob/ros2_CPlus/install/practice_interfaces/include/practice_interfaces/practice_interfaces/srv/detail/add_two_ints__functions.h
[0.444s] -- Up-to-date: /home/jacob/ros2_CPlus/install/practice_interfaces/include/practice_interfaces/practice_interfaces/srv/detail/add_two_ints__struct.h
[0.444s] -- Up-to-date: /home/jacob/ros2_CPlus/install/practice_interfaces/include/practice_interfaces/practice_interfaces/srv/detail/add_two_ints__type_support.h
[0.444s] -- Up-to-date: /home/jacob/ros2_CPlus/install/practice_interfaces/include/practice_interfaces/practice_interfaces/msg
[0.444s] -- Up-to-date: /home/jacob/ros2_CPlus/install/practice_interfaces/include/practice_interfaces/practice_interfaces/msg/rosidl_generator_c__visibility_control.h
[0.444s] -- Up-to-date: /home/jacob/ros2_CPlus/install/practice_interfaces/share/practice_interfaces/environment/library_path.sh
[0.445s] -- Up-to-date: /home/jacob/ros2_CPlus/install/practice_interfaces/share/practice_interfaces/environment/library_path.dsv
[0.445s] -- Up-to-date: /home/jacob/ros2_CPlus/install/practice_interfaces/lib/libpractice_interfaces__rosidl_generator_c.so
[0.445s] -- Up-to-date: /home/jacob/ros2_CPlus/install/practice_interfaces/include/practice_interfaces/practice_interfaces
[0.445s] -- Up-to-date: /home/jacob/ros2_CPlus/install/practice_interfaces/include/practice_interfaces/practice_interfaces/srv
[0.445s] -- Up-to-date: /home/jacob/ros2_CPlus/install/practice_interfaces/include/practice_interfaces/practice_interfaces/srv/detail
[0.445s] -- Up-to-date: /home/jacob/ros2_CPlus/install/practice_interfaces/include/practice_interfaces/practice_interfaces/srv/detail/add_two_ints__rosidl_typesupport_fastrtps_c.h
[0.445s] -- Up-to-date: /home/jacob/ros2_CPlus/install/practice_interfaces/include/practice_interfaces/practice_interfaces/msg
[0.446s] -- Up-to-date: /home/jacob/ros2_CPlus/install/practice_interfaces/include/practice_interfaces/practice_interfaces/msg/rosidl_typesupport_fastrtps_c__visibility_control.h
[0.446s] -- Up-to-date: /home/jacob/ros2_CPlus/install/practice_interfaces/lib/libpractice_interfaces__rosidl_typesupport_fastrtps_c.so
[0.446s] -- Up-to-date: /home/jacob/ros2_CPlus/install/practice_interfaces/include/practice_interfaces/practice_interfaces
[0.446s] -- Up-to-date: /home/jacob/ros2_CPlus/install/practice_interfaces/include/practice_interfaces/practice_interfaces/srv
[0.446s] -- Up-to-date: /home/jacob/ros2_CPlus/install/practice_interfaces/include/practice_interfaces/practice_interfaces/srv/detail
[0.446s] -- Up-to-date: /home/jacob/ros2_CPlus/install/practice_interfaces/include/practice_interfaces/practice_interfaces/srv/detail/add_two_ints__type_support.c
[0.446s] -- Up-to-date: /home/jacob/ros2_CPlus/install/practice_interfaces/include/practice_interfaces/practice_interfaces/srv/detail/add_two_ints__rosidl_typesupport_introspection_c.h
[0.446s] -- Up-to-date: /home/jacob/ros2_CPlus/install/practice_interfaces/include/practice_interfaces/practice_interfaces/msg
[0.447s] -- Up-to-date: /home/jacob/ros2_CPlus/install/practice_interfaces/include/practice_interfaces/practice_interfaces/msg/rosidl_typesupport_introspection_c__visibility_control.h
[0.447s] -- Up-to-date: /home/jacob/ros2_CPlus/install/practice_interfaces/lib/libpractice_interfaces__rosidl_typesupport_introspection_c.so
[0.447s] -- Up-to-date: /home/jacob/ros2_CPlus/install/practice_interfaces/lib/libpractice_interfaces__rosidl_typesupport_c.so
[0.447s] -- Up-to-date: /home/jacob/ros2_CPlus/install/practice_interfaces/include/practice_interfaces/practice_interfaces
[0.447s] -- Up-to-date: /home/jacob/ros2_CPlus/install/practice_interfaces/include/practice_interfaces/practice_interfaces/srv
[0.447s] -- Up-to-date: /home/jacob/ros2_CPlus/install/practice_interfaces/include/practice_interfaces/practice_interfaces/srv/add_two_ints.hpp
[0.447s] -- Up-to-date: /home/jacob/ros2_CPlus/install/practice_interfaces/include/practice_interfaces/practice_interfaces/srv/detail
[0.447s] -- Up-to-date: /home/jacob/ros2_CPlus/install/practice_interfaces/include/practice_interfaces/practice_interfaces/srv/detail/add_two_ints__builder.hpp
[0.448s] -- Up-to-date: /home/jacob/ros2_CPlus/install/practice_interfaces/include/practice_interfaces/practice_interfaces/srv/detail/add_two_ints__traits.hpp
[0.448s] -- Up-to-date: /home/jacob/ros2_CPlus/install/practice_interfaces/include/practice_interfaces/practice_interfaces/srv/detail/add_two_ints__struct.hpp
[0.448s] -- Up-to-date: /home/jacob/ros2_CPlus/install/practice_interfaces/include/practice_interfaces/practice_interfaces
[0.448s] -- Up-to-date: /home/jacob/ros2_CPlus/install/practice_interfaces/include/practice_interfaces/practice_interfaces/srv
[0.448s] -- Up-to-date: /home/jacob/ros2_CPlus/install/practice_interfaces/include/practice_interfaces/practice_interfaces/srv/detail
[0.448s] -- Up-to-date: /home/jacob/ros2_CPlus/install/practice_interfaces/include/practice_interfaces/practice_interfaces/srv/detail/dds_fastrtps
[0.448s] -- Up-to-date: /home/jacob/ros2_CPlus/install/practice_interfaces/include/practice_interfaces/practice_interfaces/srv/detail/add_two_ints__rosidl_typesupport_fastrtps_cpp.hpp
[0.448s] -- Up-to-date: /home/jacob/ros2_CPlus/install/practice_interfaces/include/practice_interfaces/practice_interfaces/msg
[0.448s] -- Up-to-date: /home/jacob/ros2_CPlus/install/practice_interfaces/include/practice_interfaces/practice_interfaces/msg/rosidl_typesupport_fastrtps_cpp__visibility_control.h
[0.448s] -- Up-to-date: /home/jacob/ros2_CPlus/install/practice_interfaces/lib/libpractice_interfaces__rosidl_typesupport_fastrtps_cpp.so
[0.449s] -- Up-to-date: /home/jacob/ros2_CPlus/install/practice_interfaces/include/practice_interfaces/practice_interfaces
[0.449s] -- Up-to-date: /home/jacob/ros2_CPlus/install/practice_interfaces/include/practice_interfaces/practice_interfaces/srv
[0.449s] -- Up-to-date: /home/jacob/ros2_CPlus/install/practice_interfaces/include/practice_interfaces/practice_interfaces/srv/detail
[0.449s] -- Up-to-date: /home/jacob/ros2_CPlus/install/practice_interfaces/include/practice_interfaces/practice_interfaces/srv/detail/add_two_ints__type_support.cpp
[0.449s] -- Up-to-date: /home/jacob/ros2_CPlus/install/practice_interfaces/include/practice_interfaces/practice_interfaces/srv/detail/add_two_ints__rosidl_typesupport_introspection_cpp.hpp
[0.449s] -- Up-to-date: /home/jacob/ros2_CPlus/install/practice_interfaces/lib/libpractice_interfaces__rosidl_typesupport_introspection_cpp.so
[0.449s] -- Up-to-date: /home/jacob/ros2_CPlus/install/practice_interfaces/lib/libpractice_interfaces__rosidl_typesupport_cpp.so
[0.449s] -- Up-to-date: /home/jacob/ros2_CPlus/install/practice_interfaces/share/practice_interfaces/environment/pythonpath.sh
[0.449s] -- Up-to-date: /home/jacob/ros2_CPlus/install/practice_interfaces/share/practice_interfaces/environment/pythonpath.dsv
[0.450s] -- Up-to-date: /home/jacob/ros2_CPlus/install/practice_interfaces/local/lib/python3.10/dist-packages/practice_interfaces-0.0.0-py3.10.egg-info
[0.450s] -- Installing: /home/jacob/ros2_CPlus/install/practice_interfaces/local/lib/python3.10/dist-packages/practice_interfaces-0.0.0-py3.10.egg-info/top_level.txt
[0.450s] -- Installing: /home/jacob/ros2_CPlus/install/practice_interfaces/local/lib/python3.10/dist-packages/practice_interfaces-0.0.0-py3.10.egg-info/SOURCES.txt
[0.450s] -- Installing: /home/jacob/ros2_CPlus/install/practice_interfaces/local/lib/python3.10/dist-packages/practice_interfaces-0.0.0-py3.10.egg-info/PKG-INFO
[0.450s] -- Installing: /home/jacob/ros2_CPlus/install/practice_interfaces/local/lib/python3.10/dist-packages/practice_interfaces-0.0.0-py3.10.egg-info/dependency_links.txt
[0.450s] -- Up-to-date: /home/jacob/ros2_CPlus/install/practice_interfaces/local/lib/python3.10/dist-packages/practice_interfaces
[0.450s] -- Up-to-date: /home/jacob/ros2_CPlus/install/practice_interfaces/local/lib/python3.10/dist-packages/practice_interfaces/srv
[0.450s] -- Up-to-date: /home/jacob/ros2_CPlus/install/practice_interfaces/local/lib/python3.10/dist-packages/practice_interfaces/srv/__init__.py
[0.450s] -- Up-to-date: /home/jacob/ros2_CPlus/install/practice_interfaces/local/lib/python3.10/dist-packages/practice_interfaces/srv/_add_two_ints.py
[0.450s] -- Up-to-date: /home/jacob/ros2_CPlus/install/practice_interfaces/local/lib/python3.10/dist-packages/practice_interfaces/srv/_add_two_ints_s.c
[0.451s] -- Up-to-date: /home/jacob/ros2_CPlus/install/practice_interfaces/local/lib/python3.10/dist-packages/practice_interfaces/_practice_interfaces_s.ep.rosidl_typesupport_fastrtps_c.c
[0.451s] -- Up-to-date: /home/jacob/ros2_CPlus/install/practice_interfaces/local/lib/python3.10/dist-packages/practice_interfaces/libpractice_interfaces__rosidl_generator_py.so
[0.451s] -- Up-to-date: /home/jacob/ros2_CPlus/install/practice_interfaces/local/lib/python3.10/dist-packages/practice_interfaces/_practice_interfaces_s.ep.rosidl_typesupport_introspection_c.c
[0.451s] -- Up-to-date: /home/jacob/ros2_CPlus/install/practice_interfaces/local/lib/python3.10/dist-packages/practice_interfaces/practice_interfaces_s__rosidl_typesupport_c.cpython-310-x86_64-linux-gnu.so
[0.451s] -- Up-to-date: /home/jacob/ros2_CPlus/install/practice_interfaces/local/lib/python3.10/dist-packages/practice_interfaces/__init__.py
[0.451s] -- Up-to-date: /home/jacob/ros2_CPlus/install/practice_interfaces/local/lib/python3.10/dist-packages/practice_interfaces/practice_interfaces_s__rosidl_typesupport_introspection_c.cpython-310-x86_64-linux-gnu.so
[0.451s] -- Up-to-date: /home/jacob/ros2_CPlus/install/practice_interfaces/local/lib/python3.10/dist-packages/practice_interfaces/practice_interfaces_s__rosidl_typesupport_fastrtps_c.cpython-310-x86_64-linux-gnu.so
[0.451s] -- Up-to-date: /home/jacob/ros2_CPlus/install/practice_interfaces/local/lib/python3.10/dist-packages/practice_interfaces/_practice_interfaces_s.ep.rosidl_typesupport_c.c
[0.473s] Listing '/home/jacob/ros2_CPlus/install/practice_interfaces/local/lib/python3.10/dist-packages/practice_interfaces'...
[0.474s] Listing '/home/jacob/ros2_CPlus/install/practice_interfaces/local/lib/python3.10/dist-packages/practice_interfaces/srv'...
[0.478s] -- Up-to-date: /home/jacob/ros2_CPlus/install/practice_interfaces/local/lib/python3.10/dist-packages/practice_interfaces/practice_interfaces_s__rosidl_typesupport_fastrtps_c.cpython-310-x86_64-linux-gnu.so
[0.478s] -- Up-to-date: /home/jacob/ros2_CPlus/install/practice_interfaces/local/lib/python3.10/dist-packages/practice_interfaces/practice_interfaces_s__rosidl_typesupport_introspection_c.cpython-310-x86_64-linux-gnu.so
[0.478s] -- Up-to-date: /home/jacob/ros2_CPlus/install/practice_interfaces/local/lib/python3.10/dist-packages/practice_interfaces/practice_interfaces_s__rosidl_typesupport_c.cpython-310-x86_64-linux-gnu.so
[0.479s] -- Up-to-date: /home/jacob/ros2_CPlus/install/practice_interfaces/lib/libpractice_interfaces__rosidl_generator_py.so
[0.479s] -- Up-to-date: /home/jacob/ros2_CPlus/install/practice_interfaces/share/practice_interfaces/srv/AddTwoInts.idl
[0.479s] -- Up-to-date: /home/jacob/ros2_CPlus/install/practice_interfaces/share/practice_interfaces/srv/AddTwoInts.srv
[0.479s] -- Up-to-date: /home/jacob/ros2_CPlus/install/practice_interfaces/share/practice_interfaces/srv/AddTwoInts_Request.msg
[0.479s] -- Up-to-date: /home/jacob/ros2_CPlus/install/practice_interfaces/share/practice_interfaces/srv/AddTwoInts_Response.msg
[0.480s] -- Up-to-date: /home/jacob/ros2_CPlus/install/practice_interfaces/share/ament_index/resource_index/package_run_dependencies/practice_interfaces
[0.480s] -- Up-to-date: /home/jacob/ros2_CPlus/install/practice_interfaces/share/ament_index/resource_index/parent_prefix_path/practice_interfaces
[0.480s] -- Up-to-date: /home/jacob/ros2_CPlus/install/practice_interfaces/share/practice_interfaces/environment/ament_prefix_path.sh
[0.480s] -- Up-to-date: /home/jacob/ros2_CPlus/install/practice_interfaces/share/practice_interfaces/environment/ament_prefix_path.dsv
[0.480s] -- Up-to-date: /home/jacob/ros2_CPlus/install/practice_interfaces/share/practice_interfaces/environment/path.sh
[0.480s] -- Up-to-date: /home/jacob/ros2_CPlus/install/practice_interfaces/share/practice_interfaces/environment/path.dsv
[0.480s] -- Up-to-date: /home/jacob/ros2_CPlus/install/practice_interfaces/share/practice_interfaces/local_setup.bash
[0.480s] -- Up-to-date: /home/jacob/ros2_CPlus/install/practice_interfaces/share/practice_interfaces/local_setup.sh
[0.481s] -- Up-to-date: /home/jacob/ros2_CPlus/install/practice_interfaces/share/practice_interfaces/local_setup.zsh
[0.481s] -- Up-to-date: /home/jacob/ros2_CPlus/install/practice_interfaces/share/practice_interfaces/local_setup.dsv
[0.481s] -- Installing: /home/jacob/ros2_CPlus/install/practice_interfaces/share/practice_interfaces/package.dsv
[0.481s] -- Up-to-date: /home/jacob/ros2_CPlus/install/practice_interfaces/share/ament_index/resource_index/packages/practice_interfaces
[0.481s] -- Up-to-date: /home/jacob/ros2_CPlus/install/practice_interfaces/share/practice_interfaces/cmake/export_practice_interfaces__rosidl_generator_cExport.cmake
[0.481s] -- Up-to-date: /home/jacob/ros2_CPlus/install/practice_interfaces/share/practice_interfaces/cmake/export_practice_interfaces__rosidl_generator_cExport-noconfig.cmake
[0.481s] -- Up-to-date: /home/jacob/ros2_CPlus/install/practice_interfaces/share/practice_interfaces/cmake/export_practice_interfaces__rosidl_typesupport_fastrtps_cExport.cmake
[0.482s] -- Up-to-date: /home/jacob/ros2_CPlus/install/practice_interfaces/share/practice_interfaces/cmake/export_practice_interfaces__rosidl_typesupport_fastrtps_cExport-noconfig.cmake
[0.482s] -- Up-to-date: /home/jacob/ros2_CPlus/install/practice_interfaces/share/practice_interfaces/cmake/practice_interfaces__rosidl_typesupport_introspection_cExport.cmake
[0.482s] -- Up-to-date: /home/jacob/ros2_CPlus/install/practice_interfaces/share/practice_interfaces/cmake/practice_interfaces__rosidl_typesupport_introspection_cExport-noconfig.cmake
[0.482s] -- Up-to-date: /home/jacob/ros2_CPlus/install/practice_interfaces/share/practice_interfaces/cmake/practice_interfaces__rosidl_typesupport_cExport.cmake
[0.482s] -- Up-to-date: /home/jacob/ros2_CPlus/install/practice_interfaces/share/practice_interfaces/cmake/practice_interfaces__rosidl_typesupport_cExport-noconfig.cmake
[0.482s] -- Up-to-date: /home/jacob/ros2_CPlus/install/practice_interfaces/share/practice_interfaces/cmake/export_practice_interfaces__rosidl_generator_cppExport.cmake
[0.482s] -- Up-to-date: /home/jacob/ros2_CPlus/install/practice_interfaces/share/practice_interfaces/cmake/export_practice_interfaces__rosidl_typesupport_fastrtps_cppExport.cmake
[0.482s] -- Up-to-date: /home/jacob/ros2_CPlus/install/practice_interfaces/share/practice_interfaces/cmake/export_practice_interfaces__rosidl_typesupport_fastrtps_cppExport-noconfig.cmake
[0.483s] -- Up-to-date: /home/jacob/ros2_CPlus/install/practice_interfaces/share/practice_interfaces/cmake/practice_interfaces__rosidl_typesupport_introspection_cppExport.cmake
[0.483s] -- Up-to-date: /home/jacob/ros2_CPlus/install/practice_interfaces/share/practice_interfaces/cmake/practice_interfaces__rosidl_typesupport_introspection_cppExport-noconfig.cmake
[0.483s] -- Up-to-date: /home/jacob/ros2_CPlus/install/practice_interfaces/share/practice_interfaces/cmake/practice_interfaces__rosidl_typesupport_cppExport.cmake
[0.483s] -- Up-to-date: /home/jacob/ros2_CPlus/install/practice_interfaces/share/practice_interfaces/cmake/practice_interfaces__rosidl_typesupport_cppExport-noconfig.cmake
[0.483s] -- Up-to-date: /home/jacob/ros2_CPlus/install/practice_interfaces/share/practice_interfaces/cmake/export_practice_interfaces__rosidl_generator_pyExport.cmake
[0.483s] -- Up-to-date: /home/jacob/ros2_CPlus/install/practice_interfaces/share/practice_interfaces/cmake/export_practice_interfaces__rosidl_generator_pyExport-noconfig.cmake
[0.483s] -- Up-to-date: /home/jacob/ros2_CPlus/install/practice_interfaces/share/practice_interfaces/cmake/rosidl_cmake-extras.cmake
[0.484s] -- Up-to-date: /home/jacob/ros2_CPlus/install/practice_interfaces/share/practice_interfaces/cmake/ament_cmake_export_include_directories-extras.cmake
[0.484s] -- Up-to-date: /home/jacob/ros2_CPlus/install/practice_interfaces/share/practice_interfaces/cmake/ament_cmake_export_libraries-extras.cmake
[0.484s] -- Up-to-date: /home/jacob/ros2_CPlus/install/practice_interfaces/share/practice_interfaces/cmake/ament_cmake_export_targets-extras.cmake
[0.485s] -- Up-to-date: /home/jacob/ros2_CPlus/install/practice_interfaces/share/practice_interfaces/cmake/rosidl_cmake_export_typesupport_targets-extras.cmake
[0.485s] -- Up-to-date: /home/jacob/ros2_CPlus/install/practice_interfaces/share/practice_interfaces/cmake/ament_cmake_export_dependencies-extras.cmake
[0.485s] -- Up-to-date: /home/jacob/ros2_CPlus/install/practice_interfaces/share/practice_interfaces/cmake/rosidl_cmake_export_typesupport_libraries-extras.cmake
[0.485s] -- Up-to-date: /home/jacob/ros2_CPlus/install/practice_interfaces/share/practice_interfaces/cmake/practice_interfacesConfig.cmake
[0.486s] -- Up-to-date: /home/jacob/ros2_CPlus/install/practice_interfaces/share/practice_interfaces/cmake/practice_interfacesConfig-version.cmake
[0.486s] -- Up-to-date: /home/jacob/ros2_CPlus/install/practice_interfaces/share/practice_interfaces/package.xml
[0.486s] Invoked command in '/home/jacob/ros2_CPlus/build/practice_interfaces' returned '0': CMAKE_PREFIX_PATH=${CMAKE_PREFIX_PATH}:/opt/ros/humble /usr/bin/cmake --install /home/jacob/ros2_CPlus/build/practice_interfaces
