[0.010s] Invoking command in '/home/jacob/ros2_CPlus/build/practice_interfaces': CMAKE_PREFIX_PATH=${CMAKE_PREFIX_PATH}:/opt/ros/humble /usr/bin/cmake /home/jacob/ros2_CPlus/src/practice_interfaces -DCMAKE_INSTALL_PREFIX=/home/jacob/ros2_CPlus/install/practice_interfaces
[0.021s] -- Found ament_cmake: 1.3.8 (/opt/ros/humble/share/ament_cmake/cmake)
[0.124s] -- Found rosidl_default_generators: 1.2.0 (/opt/ros/humble/share/rosidl_default_generators/cmake)
[0.130s] -- Using all available rosidl_typesupport_c: rosidl_typesupport_fastrtps_c;rosidl_typesupport_introspection_c
[0.139s] -- Found rosidl_adapter: 3.1.5 (/opt/ros/humble/share/rosidl_adapter/cmake)
[0.202s] -- Using all available rosidl_typesupport_cpp: rosidl_typesupport_fastrtps_cpp;rosidl_typesupport_introspection_cpp
[0.243s] -- Found ament_lint_auto: 0.12.10 (/opt/ros/humble/share/ament_lint_auto/cmake)
[0.444s] [31mCMake Error at /opt/ros/humble/share/rosidl_adapter/cmake/rosidl_adapt_interfaces.cmake:59 (message):
[0.444s]   execute_process(/usr/bin/python3 -m rosidl_adapter --package-name
[0.444s]   practice_interfaces --arguments-file
[0.444s]   /home/jacob/ros2_CPlus/build/practice_interfaces/rosidl_adapter__arguments__practice_interfaces.json
[0.444s]   --output-dir
[0.444s]   /home/jacob/ros2_CPlus/build/practice_interfaces/rosidl_adapter/practice_interfaces
[0.444s]   --output-file
[0.445s]   /home/jacob/ros2_CPlus/build/practice_interfaces/rosidl_adapter/practice_interfaces.idls)
[0.445s]   returned error code 1:
[0.445s] 
[0.445s]   Traceback (most recent call last):
[0.445s] 
[0.445s]     File "/usr/lib/python3.10/runpy.py", line 196, in _run_module_as_main
[0.445s]       return _run_code(code, main_globals, None,
[0.445s]     File "/usr/lib/python3.10/runpy.py", line 86, in _run_code
[0.445s]       exec(code, run_globals)
[0.445s]     File "/opt/ros/humble/local/lib/python3.10/dist-packages/rosidl_adapter/__main__.py", line 19, in <module>
[0.445s]       sys.exit(main())
[0.445s]     File "/opt/ros/humble/local/lib/python3.10/dist-packages/rosidl_adapter/main.py", line 53, in main
[0.445s]       abs_idl_file = convert_to_idl(
[0.445s]     File "/opt/ros/humble/local/lib/python3.10/dist-packages/rosidl_adapter/__init__.py", line 24, in convert_to_idl
[0.445s]       return convert_srv_to_idl(
[0.445s]     File "/opt/ros/humble/local/lib/python3.10/dist-packages/rosidl_adapter/srv/__init__.py", line 28, in convert_srv_to_idl
[0.446s]       srv = parse_service_string(package_name, input_file.stem, content)
[0.446s]     File "/opt/ros/humble/local/lib/python3.10/dist-packages/rosidl_adapter/parser.py", line 859, in parse_service_string
[0.446s]       request_message = parse_message_string(
[0.446s]     File "/opt/ros/humble/local/lib/python3.10/dist-packages/rosidl_adapter/parser.py", line 544, in parse_message_string
[0.446s]       msg = MessageSpecification(pkg_name, msg_name, fields, constants)
[0.446s]     File "/opt/ros/humble/local/lib/python3.10/dist-packages/rosidl_adapter/parser.py", line 388, in __init__
[0.446s]       self.base_type = BaseType(
[0.446s]     File "/opt/ros/humble/local/lib/python3.10/dist-packages/rosidl_adapter/parser.py", line 205, in __init__
[0.446s]       raise InvalidResourceName(
[0.446s] 
[0.446s]   rosidl_adapter.parser.InvalidResourceName: 'addTwoInts_Request' is an
[0.446s]   invalid message name.  It should have the pattern '^[A-Z][A-Za-z0-9]*$'
[0.446s] 
[0.446s] Call Stack (most recent call first):
[0.446s]   /opt/ros/humble/share/rosidl_cmake/cmake/rosidl_generate_interfaces.cmake:130 (rosidl_adapt_interfaces)
[0.446s]   CMakeLists.txt:27 (rosidl_generate_interfaces)
[0.446s] 
[0.446s] [0m
[0.446s] -- Configuring incomplete, errors occurred!
[0.446s] See also "/home/jacob/ros2_CPlus/build/practice_interfaces/CMakeFiles/CMakeOutput.log".
[0.450s] Invoked command in '/home/jacob/ros2_CPlus/build/practice_interfaces' returned '1': CMAKE_PREFIX_PATH=${CMAKE_PREFIX_PATH}:/opt/ros/humble /usr/bin/cmake /home/jacob/ros2_CPlus/src/practice_interfaces -DCMAKE_INSTALL_PREFIX=/home/jacob/ros2_CPlus/install/practice_interfaces
