[0.022s] Invoking command in '/home/jacob/ros2_CPlus/build/cpp_pubsub': CMAKE_PREFIX_PATH=/opt/ros/humble /usr/bin/cmake /home/jacob/ros2_CPlus/src/cpp_pubsub -DCMAKE_INSTALL_PREFIX=/home/jacob/ros2_CPlus/install/cpp_pubsub
[0.127s] -- The C compiler identification is GNU 11.4.0
[0.200s] -- The CXX compiler identification is GNU 11.4.0
[0.212s] -- Detecting C compiler ABI info
[0.309s] -- Detecting C compiler ABI info - done
[0.317s] -- Check for working C compiler: /usr/bin/cc - skipped
[0.317s] -- Detecting C compile features
[0.318s] -- Detecting C compile features - done
[0.322s] -- Detecting CXX compiler ABI info
[0.431s] -- Detecting CXX compiler ABI info - done
[0.440s] -- Check for working CXX compiler: /usr/bin/c++ - skipped
[0.440s] -- Detecting CXX compile features
[0.441s] -- Detecting CXX compile features - done
[0.447s] -- Found ament_cmake: 1.3.8 (/opt/ros/humble/share/ament_cmake/cmake)
[0.635s] -- Found Python3: /usr/bin/python3 (found version "3.10.12") found components: Interpreter 
[0.792s] -- Found rclcpp: 16.0.8 (/opt/ros/humble/share/rclcpp/cmake)
[0.862s] -- Found rosidl_generator_c: 3.1.5 (/opt/ros/humble/share/rosidl_generator_c/cmake)
[0.870s] -- Found rosidl_adapter: 3.1.5 (/opt/ros/humble/share/rosidl_adapter/cmake)
[0.905s] -- Found rosidl_generator_cpp: 3.1.5 (/opt/ros/humble/share/rosidl_generator_cpp/cmake)
[0.927s] -- Using all available rosidl_typesupport_c: rosidl_typesupport_fastrtps_c;rosidl_typesupport_introspection_c
[0.955s] -- Using all available rosidl_typesupport_cpp: rosidl_typesupport_fastrtps_cpp;rosidl_typesupport_introspection_cpp
[1.050s] -- Found rmw_implementation_cmake: 6.1.1 (/opt/ros/humble/share/rmw_implementation_cmake/cmake)
[1.054s] -- Found rmw_fastrtps_cpp: 6.2.6 (/opt/ros/humble/share/rmw_fastrtps_cpp/cmake)
[1.209s] -- Found OpenSSL: /usr/lib/x86_64-linux-gnu/libcrypto.so (found version "3.0.2")  
[1.249s] -- Found FastRTPS: /opt/ros/humble/include  
[1.313s] -- Using RMW implementation 'rmw_fastrtps_cpp' as default
[1.329s] -- Looking for pthread.h
[1.427s] -- Looking for pthread.h - found
[1.428s] -- Performing Test CMAKE_HAVE_LIBC_PTHREAD
[1.526s] -- Performing Test CMAKE_HAVE_LIBC_PTHREAD - Success
[1.527s] -- Found Threads: TRUE  
[1.715s] -- Found ament_lint_auto: 0.12.10 (/opt/ros/humble/share/ament_lint_auto/cmake)
[1.818s] -- Added test 'cppcheck' to perform static code analysis on C / C++ code
[1.818s] -- Configured cppcheck include dirs: 
[1.818s] -- Configured cppcheck exclude dirs and/or files: 
[1.819s] -- Added test 'lint_cmake' to check CMake code style
[1.820s] -- Added test 'uncrustify' to check C / C++ code style
[1.820s] -- Configured uncrustify additional arguments: 
[1.821s] -- Added test 'xmllint' to check XML markup files
[1.824s] -- Configuring done
[1.831s] -- Generating done
[1.833s] -- Build files have been written to: /home/jacob/ros2_CPlus/build/cpp_pubsub
[1.845s] Invoked command in '/home/jacob/ros2_CPlus/build/cpp_pubsub' returned '0': CMAKE_PREFIX_PATH=/opt/ros/humble /usr/bin/cmake /home/jacob/ros2_CPlus/src/cpp_pubsub -DCMAKE_INSTALL_PREFIX=/home/jacob/ros2_CPlus/install/cpp_pubsub
[1.848s] Invoking command in '/home/jacob/ros2_CPlus/build/cpp_pubsub': CMAKE_PREFIX_PATH=/opt/ros/humble /usr/bin/cmake --build /home/jacob/ros2_CPlus/build/cpp_pubsub -- -j16 -l16
[1.904s] Invoked command in '/home/jacob/ros2_CPlus/build/cpp_pubsub' returned '0': CMAKE_PREFIX_PATH=/opt/ros/humble /usr/bin/cmake --build /home/jacob/ros2_CPlus/build/cpp_pubsub -- -j16 -l16
[1.949s] Invoking command in '/home/jacob/ros2_CPlus/build/cpp_pubsub': CMAKE_PREFIX_PATH=/opt/ros/humble /usr/bin/cmake --install /home/jacob/ros2_CPlus/build/cpp_pubsub
[1.959s] -- Install configuration: ""
[1.959s] -- Installing: /home/jacob/ros2_CPlus/install/cpp_pubsub/share/ament_index/resource_index/package_run_dependencies/cpp_pubsub
[1.960s] -- Installing: /home/jacob/ros2_CPlus/install/cpp_pubsub/share/ament_index/resource_index/parent_prefix_path/cpp_pubsub
[1.960s] -- Installing: /home/jacob/ros2_CPlus/install/cpp_pubsub/share/cpp_pubsub/environment/ament_prefix_path.sh
[1.960s] -- Installing: /home/jacob/ros2_CPlus/install/cpp_pubsub/share/cpp_pubsub/environment/ament_prefix_path.dsv
[1.960s] -- Installing: /home/jacob/ros2_CPlus/install/cpp_pubsub/share/cpp_pubsub/environment/path.sh
[1.961s] -- Installing: /home/jacob/ros2_CPlus/install/cpp_pubsub/share/cpp_pubsub/environment/path.dsv
[1.961s] -- Installing: /home/jacob/ros2_CPlus/install/cpp_pubsub/share/cpp_pubsub/local_setup.bash
[1.961s] -- Installing: /home/jacob/ros2_CPlus/install/cpp_pubsub/share/cpp_pubsub/local_setup.sh
[1.961s] -- Installing: /home/jacob/ros2_CPlus/install/cpp_pubsub/share/cpp_pubsub/local_setup.zsh
[1.962s] -- Installing: /home/jacob/ros2_CPlus/install/cpp_pubsub/share/cpp_pubsub/local_setup.dsv
[1.962s] -- Installing: /home/jacob/ros2_CPlus/install/cpp_pubsub/share/cpp_pubsub/package.dsv
[1.962s] -- Installing: /home/jacob/ros2_CPlus/install/cpp_pubsub/share/ament_index/resource_index/packages/cpp_pubsub
[1.962s] -- Installing: /home/jacob/ros2_CPlus/install/cpp_pubsub/share/cpp_pubsub/cmake/cpp_pubsubConfig.cmake
[1.963s] -- Installing: /home/jacob/ros2_CPlus/install/cpp_pubsub/share/cpp_pubsub/cmake/cpp_pubsubConfig-version.cmake
[1.963s] -- Installing: /home/jacob/ros2_CPlus/install/cpp_pubsub/share/cpp_pubsub/package.xml
[1.966s] Invoked command in '/home/jacob/ros2_CPlus/build/cpp_pubsub' returned '0': CMAKE_PREFIX_PATH=/opt/ros/humble /usr/bin/cmake --install /home/jacob/ros2_CPlus/build/cpp_pubsub
