[0.009s] Invoking command in '/home/jacob/ros2_CPlus/build/practice_interfaces': CMAKE_PREFIX_PATH=${CMAKE_PREFIX_PATH}:/opt/ros/humble /usr/bin/cmake --build /home/jacob/ros2_CPlus/build/practice_interfaces -- -j16 -l16
[0.033s] -- Found ament_cmake: 1.3.8 (/opt/ros/humble/share/ament_cmake/cmake)
[0.131s] -- Found rosidl_default_generators: 1.2.0 (/opt/ros/humble/share/rosidl_default_generators/cmake)
[0.133s] -- Using all available rosidl_typesupport_c: rosidl_typesupport_fastrtps_c;rosidl_typesupport_introspection_c
[0.137s] -- Found rosidl_adapter: 3.1.5 (/opt/ros/humble/share/rosidl_adapter/cmake)
[0.192s] -- Using all available rosidl_typesupport_cpp: rosidl_typesupport_fastrtps_cpp;rosidl_typesupport_introspection_cpp
[0.216s] -- Found ament_lint_auto: 0.12.10 (/opt/ros/humble/share/ament_lint_auto/cmake)
[0.415s] -- Found ament_cmake_ros: 0.10.0 (/opt/ros/humble/share/ament_cmake_ros/cmake)
[0.559s] -- Using all available rosidl_typesupport_c: rosidl_typesupport_fastrtps_c;rosidl_typesupport_introspection_c
[0.743s] -- Using all available rosidl_typesupport_cpp: rosidl_typesupport_fastrtps_cpp;rosidl_typesupport_introspection_cpp
[0.762s] -- Found python_cmake_module: 0.10.0 (/opt/ros/humble/share/python_cmake_module/cmake)
[0.781s] -- Using PYTHON_EXECUTABLE: /usr/bin/python3
[0.781s] -- Using PYTHON_INCLUDE_DIRS: /usr/include/python3.10
[0.781s] -- Using PYTHON_LIBRARIES: /usr/lib/x86_64-linux-gnu/libpython3.10.so
[0.793s] -- Added test 'lint_cmake' to check CMake code style
[0.794s] -- Added test 'xmllint' to check XML markup files
[0.799s] -- Configuring done
[0.829s] -- Generating done
[0.833s] -- Build files have been written to: /home/jacob/ros2_CPlus/build/practice_interfaces
[0.859s] [35m[1mConsolidate compiler generated dependencies of target practice_interfaces__rosidl_generator_c[0m
[0.868s] [  3%] Built target practice_interfaces__cpp
[0.870s] [ 12%] Built target practice_interfaces__rosidl_generator_c
[0.879s] [ 12%] Built target ament_cmake_python_copy_practice_interfaces
[0.879s] [35m[1mConsolidate compiler generated dependencies of target practice_interfaces__rosidl_typesupport_introspection_c[0m
[0.879s] [35m[1mConsolidate compiler generated dependencies of target practice_interfaces__rosidl_typesupport_introspection_cpp[0m
[0.879s] [35m[1mConsolidate compiler generated dependencies of target practice_interfaces__rosidl_typesupport_fastrtps_c[0m
[0.879s] [35m[1mConsolidate compiler generated dependencies of target practice_interfaces__rosidl_typesupport_cpp[0m
[0.880s] [35m[1mConsolidate compiler generated dependencies of target practice_interfaces__rosidl_typesupport_fastrtps_cpp[0m
[0.880s] [35m[1mConsolidate compiler generated dependencies of target practice_interfaces__rosidl_typesupport_c[0m
[0.890s] [ 32%] Built target practice_interfaces__rosidl_typesupport_c
[0.890s] [ 32%] Built target practice_interfaces__rosidl_typesupport_introspection_c
[0.891s] [ 41%] Built target practice_interfaces__rosidl_typesupport_cpp
[0.892s] [ 51%] Built target practice_interfaces__rosidl_typesupport_introspection_cpp
[0.892s] [ 61%] Built target practice_interfaces__rosidl_typesupport_fastrtps_c
[0.892s] [ 70%] Built target practice_interfaces__rosidl_typesupport_fastrtps_cpp
[0.913s] [ 70%] Built target practice_interfaces
[0.934s] [ 74%] Built target practice_interfaces__py
[0.946s] [35m[1mConsolidate compiler generated dependencies of target practice_interfaces__rosidl_generator_py[0m
[0.961s] [ 80%] Built target practice_interfaces__rosidl_generator_py
[0.972s] [35m[1mConsolidate compiler generated dependencies of target practice_interfaces__rosidl_typesupport_fastrtps_c__pyext[0m
[0.972s] [35m[1mConsolidate compiler generated dependencies of target practice_interfaces__rosidl_typesupport_introspection_c__pyext[0m
[0.972s] [35m[1mConsolidate compiler generated dependencies of target practice_interfaces__rosidl_typesupport_c__pyext[0m
[0.987s] [100%] Built target practice_interfaces__rosidl_typesupport_introspection_c__pyext
[0.987s] [100%] Built target practice_interfaces__rosidl_typesupport_fastrtps_c__pyext
[0.987s] [100%] Built target practice_interfaces__rosidl_typesupport_c__pyext
[1.119s] running egg_info
[1.120s] writing practice_interfaces.egg-info/PKG-INFO
[1.120s] writing dependency_links to practice_interfaces.egg-info/dependency_links.txt
[1.120s] writing top-level names to practice_interfaces.egg-info/top_level.txt
[1.122s] reading manifest file 'practice_interfaces.egg-info/SOURCES.txt'
[1.122s] writing manifest file 'practice_interfaces.egg-info/SOURCES.txt'
[1.147s] [100%] Built target ament_cmake_python_build_practice_interfaces_egg
[1.159s] Invoked command in '/home/jacob/ros2_CPlus/build/practice_interfaces' returned '0': CMAKE_PREFIX_PATH=${CMAKE_PREFIX_PATH}:/opt/ros/humble /usr/bin/cmake --build /home/jacob/ros2_CPlus/build/practice_interfaces -- -j16 -l16
[1.234s] Invoking command in '/home/jacob/ros2_CPlus/build/practice_interfaces': CMAKE_PREFIX_PATH=${CMAKE_PREFIX_PATH}:/opt/ros/humble /usr/bin/cmake --install /home/jacob/ros2_CPlus/build/practice_interfaces
[1.241s] -- Install configuration: ""
[1.242s] -- Up-to-date: /home/jacob/ros2_CPlus/install/practice_interfaces/share/ament_index/resource_index/rosidl_interfaces/practice_interfaces
[1.242s] -- Up-to-date: /home/jacob/ros2_CPlus/install/practice_interfaces/include/practice_interfaces/practice_interfaces
[1.242s] -- Up-to-date: /home/jacob/ros2_CPlus/install/practice_interfaces/include/practice_interfaces/practice_interfaces/srv
[1.242s] -- Up-to-date: /home/jacob/ros2_CPlus/install/practice_interfaces/include/practice_interfaces/practice_interfaces/srv/add_two_ints.h
[1.242s] -- Up-to-date: /home/jacob/ros2_CPlus/install/practice_interfaces/include/practice_interfaces/practice_interfaces/srv/detail
[1.242s] -- Up-to-date: /home/jacob/ros2_CPlus/install/practice_interfaces/include/practice_interfaces/practice_interfaces/srv/detail/add_two_ints__functions.c
[1.242s] -- Up-to-date: /home/jacob/ros2_CPlus/install/practice_interfaces/include/practice_interfaces/practice_interfaces/srv/detail/add_two_ints__functions.h
[1.242s] -- Up-to-date: /home/jacob/ros2_CPlus/install/practice_interfaces/include/practice_interfaces/practice_interfaces/srv/detail/add_two_ints__struct.h
[1.242s] -- Up-to-date: /home/jacob/ros2_CPlus/install/practice_interfaces/include/practice_interfaces/practice_interfaces/srv/detail/add_two_ints__type_support.h
[1.242s] -- Up-to-date: /home/jacob/ros2_CPlus/install/practice_interfaces/include/practice_interfaces/practice_interfaces/msg
[1.243s] -- Up-to-date: /home/jacob/ros2_CPlus/install/practice_interfaces/include/practice_interfaces/practice_interfaces/msg/rosidl_generator_c__visibility_control.h
[1.243s] -- Up-to-date: /home/jacob/ros2_CPlus/install/practice_interfaces/share/practice_interfaces/environment/library_path.sh
[1.243s] -- Installing: /home/jacob/ros2_CPlus/install/practice_interfaces/share/practice_interfaces/environment/library_path.dsv
[1.243s] -- Up-to-date: /home/jacob/ros2_CPlus/install/practice_interfaces/lib/libpractice_interfaces__rosidl_generator_c.so
[1.243s] -- Up-to-date: /home/jacob/ros2_CPlus/install/practice_interfaces/include/practice_interfaces/practice_interfaces
[1.243s] -- Up-to-date: /home/jacob/ros2_CPlus/install/practice_interfaces/include/practice_interfaces/practice_interfaces/srv
[1.243s] -- Up-to-date: /home/jacob/ros2_CPlus/install/practice_interfaces/include/practice_interfaces/practice_interfaces/srv/detail
[1.243s] -- Up-to-date: /home/jacob/ros2_CPlus/install/practice_interfaces/include/practice_interfaces/practice_interfaces/srv/detail/add_two_ints__rosidl_typesupport_fastrtps_c.h
[1.243s] -- Up-to-date: /home/jacob/ros2_CPlus/install/practice_interfaces/include/practice_interfaces/practice_interfaces/msg
[1.243s] -- Up-to-date: /home/jacob/ros2_CPlus/install/practice_interfaces/include/practice_interfaces/practice_interfaces/msg/rosidl_typesupport_fastrtps_c__visibility_control.h
[1.243s] -- Up-to-date: /home/jacob/ros2_CPlus/install/practice_interfaces/lib/libpractice_interfaces__rosidl_typesupport_fastrtps_c.so
[1.243s] -- Up-to-date: /home/jacob/ros2_CPlus/install/practice_interfaces/include/practice_interfaces/practice_interfaces
[1.244s] -- Up-to-date: /home/jacob/ros2_CPlus/install/practice_interfaces/include/practice_interfaces/practice_interfaces/srv
[1.244s] -- Up-to-date: /home/jacob/ros2_CPlus/install/practice_interfaces/include/practice_interfaces/practice_interfaces/srv/detail
[1.244s] -- Up-to-date: /home/jacob/ros2_CPlus/install/practice_interfaces/include/practice_interfaces/practice_interfaces/srv/detail/add_two_ints__type_support.c
[1.244s] -- Up-to-date: /home/jacob/ros2_CPlus/install/practice_interfaces/include/practice_interfaces/practice_interfaces/srv/detail/add_two_ints__rosidl_typesupport_introspection_c.h
[1.244s] -- Up-to-date: /home/jacob/ros2_CPlus/install/practice_interfaces/include/practice_interfaces/practice_interfaces/msg
[1.244s] -- Up-to-date: /home/jacob/ros2_CPlus/install/practice_interfaces/include/practice_interfaces/practice_interfaces/msg/rosidl_typesupport_introspection_c__visibility_control.h
[1.244s] -- Up-to-date: /home/jacob/ros2_CPlus/install/practice_interfaces/lib/libpractice_interfaces__rosidl_typesupport_introspection_c.so
[1.244s] -- Up-to-date: /home/jacob/ros2_CPlus/install/practice_interfaces/lib/libpractice_interfaces__rosidl_typesupport_c.so
[1.244s] -- Up-to-date: /home/jacob/ros2_CPlus/install/practice_interfaces/include/practice_interfaces/practice_interfaces
[1.244s] -- Up-to-date: /home/jacob/ros2_CPlus/install/practice_interfaces/include/practice_interfaces/practice_interfaces/srv
[1.244s] -- Up-to-date: /home/jacob/ros2_CPlus/install/practice_interfaces/include/practice_interfaces/practice_interfaces/srv/add_two_ints.hpp
[1.245s] -- Up-to-date: /home/jacob/ros2_CPlus/install/practice_interfaces/include/practice_interfaces/practice_interfaces/srv/detail
[1.245s] -- Up-to-date: /home/jacob/ros2_CPlus/install/practice_interfaces/include/practice_interfaces/practice_interfaces/srv/detail/add_two_ints__builder.hpp
[1.245s] -- Up-to-date: /home/jacob/ros2_CPlus/install/practice_interfaces/include/practice_interfaces/practice_interfaces/srv/detail/add_two_ints__traits.hpp
[1.245s] -- Up-to-date: /home/jacob/ros2_CPlus/install/practice_interfaces/include/practice_interfaces/practice_interfaces/srv/detail/add_two_ints__struct.hpp
[1.245s] -- Up-to-date: /home/jacob/ros2_CPlus/install/practice_interfaces/include/practice_interfaces/practice_interfaces
[1.245s] -- Up-to-date: /home/jacob/ros2_CPlus/install/practice_interfaces/include/practice_interfaces/practice_interfaces/srv
[1.245s] -- Up-to-date: /home/jacob/ros2_CPlus/install/practice_interfaces/include/practice_interfaces/practice_interfaces/srv/detail
[1.245s] -- Up-to-date: /home/jacob/ros2_CPlus/install/practice_interfaces/include/practice_interfaces/practice_interfaces/srv/detail/dds_fastrtps
[1.245s] -- Up-to-date: /home/jacob/ros2_CPlus/install/practice_interfaces/include/practice_interfaces/practice_interfaces/srv/detail/add_two_ints__rosidl_typesupport_fastrtps_cpp.hpp
[1.245s] -- Up-to-date: /home/jacob/ros2_CPlus/install/practice_interfaces/include/practice_interfaces/practice_interfaces/msg
[1.245s] -- Up-to-date: /home/jacob/ros2_CPlus/install/practice_interfaces/include/practice_interfaces/practice_interfaces/msg/rosidl_typesupport_fastrtps_cpp__visibility_control.h
[1.245s] -- Up-to-date: /home/jacob/ros2_CPlus/install/practice_interfaces/lib/libpractice_interfaces__rosidl_typesupport_fastrtps_cpp.so
[1.246s] -- Up-to-date: /home/jacob/ros2_CPlus/install/practice_interfaces/include/practice_interfaces/practice_interfaces
[1.246s] -- Up-to-date: /home/jacob/ros2_CPlus/install/practice_interfaces/include/practice_interfaces/practice_interfaces/srv
[1.246s] -- Up-to-date: /home/jacob/ros2_CPlus/install/practice_interfaces/include/practice_interfaces/practice_interfaces/srv/detail
[1.246s] -- Up-to-date: /home/jacob/ros2_CPlus/install/practice_interfaces/include/practice_interfaces/practice_interfaces/srv/detail/add_two_ints__type_support.cpp
[1.246s] -- Up-to-date: /home/jacob/ros2_CPlus/install/practice_interfaces/include/practice_interfaces/practice_interfaces/srv/detail/add_two_ints__rosidl_typesupport_introspection_cpp.hpp
[1.246s] -- Up-to-date: /home/jacob/ros2_CPlus/install/practice_interfaces/lib/libpractice_interfaces__rosidl_typesupport_introspection_cpp.so
[1.246s] -- Up-to-date: /home/jacob/ros2_CPlus/install/practice_interfaces/lib/libpractice_interfaces__rosidl_typesupport_cpp.so
[1.246s] -- Up-to-date: /home/jacob/ros2_CPlus/install/practice_interfaces/share/practice_interfaces/environment/pythonpath.sh
[1.246s] -- Installing: /home/jacob/ros2_CPlus/install/practice_interfaces/share/practice_interfaces/environment/pythonpath.dsv
[1.246s] -- Up-to-date: /home/jacob/ros2_CPlus/install/practice_interfaces/local/lib/python3.10/dist-packages/practice_interfaces-0.0.0-py3.10.egg-info
[1.246s] -- Installing: /home/jacob/ros2_CPlus/install/practice_interfaces/local/lib/python3.10/dist-packages/practice_interfaces-0.0.0-py3.10.egg-info/top_level.txt
[1.247s] -- Installing: /home/jacob/ros2_CPlus/install/practice_interfaces/local/lib/python3.10/dist-packages/practice_interfaces-0.0.0-py3.10.egg-info/SOURCES.txt
[1.247s] -- Installing: /home/jacob/ros2_CPlus/install/practice_interfaces/local/lib/python3.10/dist-packages/practice_interfaces-0.0.0-py3.10.egg-info/PKG-INFO
[1.247s] -- Installing: /home/jacob/ros2_CPlus/install/practice_interfaces/local/lib/python3.10/dist-packages/practice_interfaces-0.0.0-py3.10.egg-info/dependency_links.txt
[1.247s] -- Up-to-date: /home/jacob/ros2_CPlus/install/practice_interfaces/local/lib/python3.10/dist-packages/practice_interfaces
[1.247s] -- Up-to-date: /home/jacob/ros2_CPlus/install/practice_interfaces/local/lib/python3.10/dist-packages/practice_interfaces/srv
[1.247s] -- Up-to-date: /home/jacob/ros2_CPlus/install/practice_interfaces/local/lib/python3.10/dist-packages/practice_interfaces/srv/__init__.py
[1.247s] -- Up-to-date: /home/jacob/ros2_CPlus/install/practice_interfaces/local/lib/python3.10/dist-packages/practice_interfaces/srv/_add_two_ints.py
[1.247s] -- Up-to-date: /home/jacob/ros2_CPlus/install/practice_interfaces/local/lib/python3.10/dist-packages/practice_interfaces/srv/_add_two_ints_s.c
[1.247s] -- Up-to-date: /home/jacob/ros2_CPlus/install/practice_interfaces/local/lib/python3.10/dist-packages/practice_interfaces/_practice_interfaces_s.ep.rosidl_typesupport_fastrtps_c.c
[1.247s] -- Up-to-date: /home/jacob/ros2_CPlus/install/practice_interfaces/local/lib/python3.10/dist-packages/practice_interfaces/libpractice_interfaces__rosidl_generator_py.so
[1.247s] -- Up-to-date: /home/jacob/ros2_CPlus/install/practice_interfaces/local/lib/python3.10/dist-packages/practice_interfaces/_practice_interfaces_s.ep.rosidl_typesupport_introspection_c.c
[1.247s] -- Up-to-date: /home/jacob/ros2_CPlus/install/practice_interfaces/local/lib/python3.10/dist-packages/practice_interfaces/practice_interfaces_s__rosidl_typesupport_c.cpython-310-x86_64-linux-gnu.so
[1.247s] -- Installing: /home/jacob/ros2_CPlus/install/practice_interfaces/local/lib/python3.10/dist-packages/practice_interfaces/__init__.py
[1.248s] -- Up-to-date: /home/jacob/ros2_CPlus/install/practice_interfaces/local/lib/python3.10/dist-packages/practice_interfaces/practice_interfaces_s__rosidl_typesupport_introspection_c.cpython-310-x86_64-linux-gnu.so
[1.248s] -- Up-to-date: /home/jacob/ros2_CPlus/install/practice_interfaces/local/lib/python3.10/dist-packages/practice_interfaces/practice_interfaces_s__rosidl_typesupport_fastrtps_c.cpython-310-x86_64-linux-gnu.so
[1.248s] -- Up-to-date: /home/jacob/ros2_CPlus/install/practice_interfaces/local/lib/python3.10/dist-packages/practice_interfaces/_practice_interfaces_s.ep.rosidl_typesupport_c.c
[1.272s] Listing '/home/jacob/ros2_CPlus/install/practice_interfaces/local/lib/python3.10/dist-packages/practice_interfaces'...
[1.273s] Compiling '/home/jacob/ros2_CPlus/install/practice_interfaces/local/lib/python3.10/dist-packages/practice_interfaces/__init__.py'...
[1.273s] Listing '/home/jacob/ros2_CPlus/install/practice_interfaces/local/lib/python3.10/dist-packages/practice_interfaces/srv'...
[1.276s] -- Up-to-date: /home/jacob/ros2_CPlus/install/practice_interfaces/local/lib/python3.10/dist-packages/practice_interfaces/practice_interfaces_s__rosidl_typesupport_fastrtps_c.cpython-310-x86_64-linux-gnu.so
[1.276s] -- Up-to-date: /home/jacob/ros2_CPlus/install/practice_interfaces/local/lib/python3.10/dist-packages/practice_interfaces/practice_interfaces_s__rosidl_typesupport_introspection_c.cpython-310-x86_64-linux-gnu.so
[1.277s] -- Up-to-date: /home/jacob/ros2_CPlus/install/practice_interfaces/local/lib/python3.10/dist-packages/practice_interfaces/practice_interfaces_s__rosidl_typesupport_c.cpython-310-x86_64-linux-gnu.so
[1.277s] -- Up-to-date: /home/jacob/ros2_CPlus/install/practice_interfaces/lib/libpractice_interfaces__rosidl_generator_py.so
[1.277s] -- Up-to-date: /home/jacob/ros2_CPlus/install/practice_interfaces/share/practice_interfaces/srv/AddTwoInts.idl
[1.277s] -- Up-to-date: /home/jacob/ros2_CPlus/install/practice_interfaces/share/practice_interfaces/srv/AddTwoInts.srv
[1.277s] -- Up-to-date: /home/jacob/ros2_CPlus/install/practice_interfaces/share/practice_interfaces/srv/AddTwoInts_Request.msg
[1.277s] -- Up-to-date: /home/jacob/ros2_CPlus/install/practice_interfaces/share/practice_interfaces/srv/AddTwoInts_Response.msg
[1.277s] -- Up-to-date: /home/jacob/ros2_CPlus/install/practice_interfaces/share/ament_index/resource_index/package_run_dependencies/practice_interfaces
[1.277s] -- Installing: /home/jacob/ros2_CPlus/install/practice_interfaces/share/ament_index/resource_index/parent_prefix_path/practice_interfaces
[1.278s] -- Up-to-date: /home/jacob/ros2_CPlus/install/practice_interfaces/share/practice_interfaces/environment/ament_prefix_path.sh
[1.278s] -- Installing: /home/jacob/ros2_CPlus/install/practice_interfaces/share/practice_interfaces/environment/ament_prefix_path.dsv
[1.278s] -- Up-to-date: /home/jacob/ros2_CPlus/install/practice_interfaces/share/practice_interfaces/environment/path.sh
[1.278s] -- Installing: /home/jacob/ros2_CPlus/install/practice_interfaces/share/practice_interfaces/environment/path.dsv
[1.278s] -- Up-to-date: /home/jacob/ros2_CPlus/install/practice_interfaces/share/practice_interfaces/local_setup.bash
[1.278s] -- Up-to-date: /home/jacob/ros2_CPlus/install/practice_interfaces/share/practice_interfaces/local_setup.sh
[1.278s] -- Up-to-date: /home/jacob/ros2_CPlus/install/practice_interfaces/share/practice_interfaces/local_setup.zsh
[1.278s] -- Installing: /home/jacob/ros2_CPlus/install/practice_interfaces/share/practice_interfaces/local_setup.dsv
[1.278s] -- Installing: /home/jacob/ros2_CPlus/install/practice_interfaces/share/practice_interfaces/package.dsv
[1.278s] -- Up-to-date: /home/jacob/ros2_CPlus/install/practice_interfaces/share/ament_index/resource_index/packages/practice_interfaces
[1.278s] -- Up-to-date: /home/jacob/ros2_CPlus/install/practice_interfaces/share/practice_interfaces/cmake/export_practice_interfaces__rosidl_generator_cExport.cmake
[1.279s] -- Up-to-date: /home/jacob/ros2_CPlus/install/practice_interfaces/share/practice_interfaces/cmake/export_practice_interfaces__rosidl_generator_cExport-noconfig.cmake
[1.279s] -- Up-to-date: /home/jacob/ros2_CPlus/install/practice_interfaces/share/practice_interfaces/cmake/export_practice_interfaces__rosidl_typesupport_fastrtps_cExport.cmake
[1.279s] -- Up-to-date: /home/jacob/ros2_CPlus/install/practice_interfaces/share/practice_interfaces/cmake/export_practice_interfaces__rosidl_typesupport_fastrtps_cExport-noconfig.cmake
[1.279s] -- Up-to-date: /home/jacob/ros2_CPlus/install/practice_interfaces/share/practice_interfaces/cmake/practice_interfaces__rosidl_typesupport_introspection_cExport.cmake
[1.279s] -- Up-to-date: /home/jacob/ros2_CPlus/install/practice_interfaces/share/practice_interfaces/cmake/practice_interfaces__rosidl_typesupport_introspection_cExport-noconfig.cmake
[1.279s] -- Up-to-date: /home/jacob/ros2_CPlus/install/practice_interfaces/share/practice_interfaces/cmake/practice_interfaces__rosidl_typesupport_cExport.cmake
[1.279s] -- Up-to-date: /home/jacob/ros2_CPlus/install/practice_interfaces/share/practice_interfaces/cmake/practice_interfaces__rosidl_typesupport_cExport-noconfig.cmake
[1.279s] -- Up-to-date: /home/jacob/ros2_CPlus/install/practice_interfaces/share/practice_interfaces/cmake/export_practice_interfaces__rosidl_generator_cppExport.cmake
[1.279s] -- Up-to-date: /home/jacob/ros2_CPlus/install/practice_interfaces/share/practice_interfaces/cmake/export_practice_interfaces__rosidl_typesupport_fastrtps_cppExport.cmake
[1.279s] -- Up-to-date: /home/jacob/ros2_CPlus/install/practice_interfaces/share/practice_interfaces/cmake/export_practice_interfaces__rosidl_typesupport_fastrtps_cppExport-noconfig.cmake
[1.279s] -- Up-to-date: /home/jacob/ros2_CPlus/install/practice_interfaces/share/practice_interfaces/cmake/practice_interfaces__rosidl_typesupport_introspection_cppExport.cmake
[1.280s] -- Up-to-date: /home/jacob/ros2_CPlus/install/practice_interfaces/share/practice_interfaces/cmake/practice_interfaces__rosidl_typesupport_introspection_cppExport-noconfig.cmake
[1.280s] -- Up-to-date: /home/jacob/ros2_CPlus/install/practice_interfaces/share/practice_interfaces/cmake/practice_interfaces__rosidl_typesupport_cppExport.cmake
[1.280s] -- Up-to-date: /home/jacob/ros2_CPlus/install/practice_interfaces/share/practice_interfaces/cmake/practice_interfaces__rosidl_typesupport_cppExport-noconfig.cmake
[1.280s] -- Up-to-date: /home/jacob/ros2_CPlus/install/practice_interfaces/share/practice_interfaces/cmake/export_practice_interfaces__rosidl_generator_pyExport.cmake
[1.280s] -- Up-to-date: /home/jacob/ros2_CPlus/install/practice_interfaces/share/practice_interfaces/cmake/export_practice_interfaces__rosidl_generator_pyExport-noconfig.cmake
[1.280s] -- Up-to-date: /home/jacob/ros2_CPlus/install/practice_interfaces/share/practice_interfaces/cmake/rosidl_cmake-extras.cmake
[1.280s] -- Up-to-date: /home/jacob/ros2_CPlus/install/practice_interfaces/share/practice_interfaces/cmake/ament_cmake_export_include_directories-extras.cmake
[1.280s] -- Up-to-date: /home/jacob/ros2_CPlus/install/practice_interfaces/share/practice_interfaces/cmake/ament_cmake_export_libraries-extras.cmake
[1.280s] -- Up-to-date: /home/jacob/ros2_CPlus/install/practice_interfaces/share/practice_interfaces/cmake/ament_cmake_export_targets-extras.cmake
[1.280s] -- Up-to-date: /home/jacob/ros2_CPlus/install/practice_interfaces/share/practice_interfaces/cmake/rosidl_cmake_export_typesupport_targets-extras.cmake
[1.280s] -- Up-to-date: /home/jacob/ros2_CPlus/install/practice_interfaces/share/practice_interfaces/cmake/ament_cmake_export_dependencies-extras.cmake
[1.280s] -- Up-to-date: /home/jacob/ros2_CPlus/install/practice_interfaces/share/practice_interfaces/cmake/rosidl_cmake_export_typesupport_libraries-extras.cmake
[1.281s] -- Up-to-date: /home/jacob/ros2_CPlus/install/practice_interfaces/share/practice_interfaces/cmake/practice_interfacesConfig.cmake
[1.281s] -- Up-to-date: /home/jacob/ros2_CPlus/install/practice_interfaces/share/practice_interfaces/cmake/practice_interfacesConfig-version.cmake
[1.281s] -- Up-to-date: /home/jacob/ros2_CPlus/install/practice_interfaces/share/practice_interfaces/package.xml
[1.282s] Invoked command in '/home/jacob/ros2_CPlus/build/practice_interfaces' returned '0': CMAKE_PREFIX_PATH=${CMAKE_PREFIX_PATH}:/opt/ros/humble /usr/bin/cmake --install /home/jacob/ros2_CPlus/build/practice_interfaces
