[0.014s] Invoking command in '/home/jacob/ros2_CPlus/build/practice_interfaces': CMAKE_PREFIX_PATH=${CMAKE_PREFIX_PATH}:/opt/ros/humble /usr/bin/cmake --build /home/jacob/ros2_CPlus/build/practice_interfaces -- -j16 -l16
[0.053s] [35m[1mConsolidate compiler generated dependencies of target practice_interfaces__rosidl_generator_c[0m
[0.061s] [  3%] Built target practice_interfaces__cpp
[0.063s] [ 12%] Built target practice_interfaces__rosidl_generator_c
[0.071s] [ 12%] Built target ament_cmake_python_copy_practice_interfaces
[0.071s] [35m[1mConsolidate compiler generated dependencies of target practice_interfaces__rosidl_typesupport_introspection_cpp[0m
[0.071s] [35m[1mConsolidate compiler generated dependencies of target practice_interfaces__rosidl_typesupport_cpp[0m
[0.072s] [35m[1mConsolidate compiler generated dependencies of target practice_interfaces__rosidl_typesupport_fastrtps_cpp[0m
[0.072s] [35m[1mConsolidate compiler generated dependencies of target practice_interfaces__rosidl_typesupport_introspection_c[0m
[0.072s] [35m[1mConsolidate compiler generated dependencies of target practice_interfaces__rosidl_typesupport_c[0m
[0.072s] [35m[1mConsolidate compiler generated dependencies of target practice_interfaces__rosidl_typesupport_fastrtps_c[0m
[0.082s] [ 32%] Built target practice_interfaces__rosidl_typesupport_introspection_c
[0.082s] [ 32%] Built target practice_interfaces__rosidl_typesupport_c
[0.083s] [ 41%] Built target practice_interfaces__rosidl_typesupport_cpp
[0.083s] [ 51%] Built target practice_interfaces__rosidl_typesupport_introspection_cpp
[0.085s] [ 70%] Built target practice_interfaces__rosidl_typesupport_fastrtps_c
[0.085s] [ 70%] Built target practice_interfaces__rosidl_typesupport_fastrtps_cpp
[0.105s] [ 70%] Built target practice_interfaces
[0.127s] [ 74%] Built target practice_interfaces__py
[0.138s] [35m[1mConsolidate compiler generated dependencies of target practice_interfaces__rosidl_generator_py[0m
[0.153s] [ 80%] Built target practice_interfaces__rosidl_generator_py
[0.163s] [35m[1mConsolidate compiler generated dependencies of target practice_interfaces__rosidl_typesupport_introspection_c__pyext[0m
[0.164s] [35m[1mConsolidate compiler generated dependencies of target practice_interfaces__rosidl_typesupport_c__pyext[0m
[0.164s] [35m[1mConsolidate compiler generated dependencies of target practice_interfaces__rosidl_typesupport_fastrtps_c__pyext[0m
[0.177s] [100%] Built target practice_interfaces__rosidl_typesupport_introspection_c__pyext
[0.177s] [100%] Built target practice_interfaces__rosidl_typesupport_fastrtps_c__pyext
[0.177s] [100%] Built target practice_interfaces__rosidl_typesupport_c__pyext
[0.306s] running egg_info
[0.307s] writing practice_interfaces.egg-info/PKG-INFO
[0.307s] writing dependency_links to practice_interfaces.egg-info/dependency_links.txt
[0.307s] writing top-level names to practice_interfaces.egg-info/top_level.txt
[0.309s] reading manifest file 'practice_interfaces.egg-info/SOURCES.txt'
[0.310s] writing manifest file 'practice_interfaces.egg-info/SOURCES.txt'
[0.335s] [100%] Built target ament_cmake_python_build_practice_interfaces_egg
[0.347s] Invoked command in '/home/jacob/ros2_CPlus/build/practice_interfaces' returned '0': CMAKE_PREFIX_PATH=${CMAKE_PREFIX_PATH}:/opt/ros/humble /usr/bin/cmake --build /home/jacob/ros2_CPlus/build/practice_interfaces -- -j16 -l16
[0.418s] Invoking command in '/home/jacob/ros2_CPlus/build/practice_interfaces': CMAKE_PREFIX_PATH=${CMAKE_PREFIX_PATH}:/opt/ros/humble /usr/bin/cmake --install /home/jacob/ros2_CPlus/build/practice_interfaces
[0.433s] -- Install configuration: ""
[0.433s] -- Up-to-date: /home/jacob/ros2_CPlus/install/practice_interfaces/share/ament_index/resource_index/rosidl_interfaces/practice_interfaces
[0.433s] -- Up-to-date: /home/jacob/ros2_CPlus/install/practice_interfaces/include/practice_interfaces/practice_interfaces
[0.433s] -- Up-to-date: /home/jacob/ros2_CPlus/install/practice_interfaces/include/practice_interfaces/practice_interfaces/srv
[0.433s] -- Up-to-date: /home/jacob/ros2_CPlus/install/practice_interfaces/include/practice_interfaces/practice_interfaces/srv/add_two_ints.h
[0.433s] -- Up-to-date: /home/jacob/ros2_CPlus/install/practice_interfaces/include/practice_interfaces/practice_interfaces/srv/detail
[0.433s] -- Up-to-date: /home/jacob/ros2_CPlus/install/practice_interfaces/include/practice_interfaces/practice_interfaces/srv/detail/add_two_ints__functions.c
[0.434s] -- Up-to-date: /home/jacob/ros2_CPlus/install/practice_interfaces/include/practice_interfaces/practice_interfaces/srv/detail/add_two_ints__functions.h
[0.434s] -- Up-to-date: /home/jacob/ros2_CPlus/install/practice_interfaces/include/practice_interfaces/practice_interfaces/srv/detail/add_two_ints__struct.h
[0.434s] -- Up-to-date: /home/jacob/ros2_CPlus/install/practice_interfaces/include/practice_interfaces/practice_interfaces/srv/detail/add_two_ints__type_support.h
[0.434s] -- Up-to-date: /home/jacob/ros2_CPlus/install/practice_interfaces/include/practice_interfaces/practice_interfaces/msg
[0.434s] -- Up-to-date: /home/jacob/ros2_CPlus/install/practice_interfaces/include/practice_interfaces/practice_interfaces/msg/rosidl_generator_c__visibility_control.h
[0.434s] -- Up-to-date: /home/jacob/ros2_CPlus/install/practice_interfaces/share/practice_interfaces/environment/library_path.sh
[0.434s] -- Up-to-date: /home/jacob/ros2_CPlus/install/practice_interfaces/share/practice_interfaces/environment/library_path.dsv
[0.434s] -- Up-to-date: /home/jacob/ros2_CPlus/install/practice_interfaces/lib/libpractice_interfaces__rosidl_generator_c.so
[0.434s] -- Up-to-date: /home/jacob/ros2_CPlus/install/practice_interfaces/include/practice_interfaces/practice_interfaces
[0.434s] -- Up-to-date: /home/jacob/ros2_CPlus/install/practice_interfaces/include/practice_interfaces/practice_interfaces/srv
[0.434s] -- Up-to-date: /home/jacob/ros2_CPlus/install/practice_interfaces/include/practice_interfaces/practice_interfaces/srv/detail
[0.435s] -- Up-to-date: /home/jacob/ros2_CPlus/install/practice_interfaces/include/practice_interfaces/practice_interfaces/srv/detail/add_two_ints__rosidl_typesupport_fastrtps_c.h
[0.435s] -- Up-to-date: /home/jacob/ros2_CPlus/install/practice_interfaces/include/practice_interfaces/practice_interfaces/msg
[0.435s] -- Up-to-date: /home/jacob/ros2_CPlus/install/practice_interfaces/include/practice_interfaces/practice_interfaces/msg/rosidl_typesupport_fastrtps_c__visibility_control.h
[0.435s] -- Up-to-date: /home/jacob/ros2_CPlus/install/practice_interfaces/lib/libpractice_interfaces__rosidl_typesupport_fastrtps_c.so
[0.435s] -- Up-to-date: /home/jacob/ros2_CPlus/install/practice_interfaces/include/practice_interfaces/practice_interfaces
[0.435s] -- Up-to-date: /home/jacob/ros2_CPlus/install/practice_interfaces/include/practice_interfaces/practice_interfaces/srv
[0.435s] -- Up-to-date: /home/jacob/ros2_CPlus/install/practice_interfaces/include/practice_interfaces/practice_interfaces/srv/detail
[0.435s] -- Up-to-date: /home/jacob/ros2_CPlus/install/practice_interfaces/include/practice_interfaces/practice_interfaces/srv/detail/add_two_ints__type_support.c
[0.435s] -- Up-to-date: /home/jacob/ros2_CPlus/install/practice_interfaces/include/practice_interfaces/practice_interfaces/srv/detail/add_two_ints__rosidl_typesupport_introspection_c.h
[0.435s] -- Up-to-date: /home/jacob/ros2_CPlus/install/practice_interfaces/include/practice_interfaces/practice_interfaces/msg
[0.435s] -- Up-to-date: /home/jacob/ros2_CPlus/install/practice_interfaces/include/practice_interfaces/practice_interfaces/msg/rosidl_typesupport_introspection_c__visibility_control.h
[0.435s] -- Up-to-date: /home/jacob/ros2_CPlus/install/practice_interfaces/lib/libpractice_interfaces__rosidl_typesupport_introspection_c.so
[0.435s] -- Up-to-date: /home/jacob/ros2_CPlus/install/practice_interfaces/lib/libpractice_interfaces__rosidl_typesupport_c.so
[0.436s] -- Up-to-date: /home/jacob/ros2_CPlus/install/practice_interfaces/include/practice_interfaces/practice_interfaces
[0.436s] -- Up-to-date: /home/jacob/ros2_CPlus/install/practice_interfaces/include/practice_interfaces/practice_interfaces/srv
[0.436s] -- Up-to-date: /home/jacob/ros2_CPlus/install/practice_interfaces/include/practice_interfaces/practice_interfaces/srv/add_two_ints.hpp
[0.436s] -- Up-to-date: /home/jacob/ros2_CPlus/install/practice_interfaces/include/practice_interfaces/practice_interfaces/srv/detail
[0.436s] -- Up-to-date: /home/jacob/ros2_CPlus/install/practice_interfaces/include/practice_interfaces/practice_interfaces/srv/detail/add_two_ints__builder.hpp
[0.436s] -- Up-to-date: /home/jacob/ros2_CPlus/install/practice_interfaces/include/practice_interfaces/practice_interfaces/srv/detail/add_two_ints__traits.hpp
[0.436s] -- Up-to-date: /home/jacob/ros2_CPlus/install/practice_interfaces/include/practice_interfaces/practice_interfaces/srv/detail/add_two_ints__struct.hpp
[0.436s] -- Up-to-date: /home/jacob/ros2_CPlus/install/practice_interfaces/include/practice_interfaces/practice_interfaces
[0.436s] -- Up-to-date: /home/jacob/ros2_CPlus/install/practice_interfaces/include/practice_interfaces/practice_interfaces/srv
[0.436s] -- Up-to-date: /home/jacob/ros2_CPlus/install/practice_interfaces/include/practice_interfaces/practice_interfaces/srv/detail
[0.436s] -- Up-to-date: /home/jacob/ros2_CPlus/install/practice_interfaces/include/practice_interfaces/practice_interfaces/srv/detail/dds_fastrtps
[0.436s] -- Up-to-date: /home/jacob/ros2_CPlus/install/practice_interfaces/include/practice_interfaces/practice_interfaces/srv/detail/add_two_ints__rosidl_typesupport_fastrtps_cpp.hpp
[0.436s] -- Up-to-date: /home/jacob/ros2_CPlus/install/practice_interfaces/include/practice_interfaces/practice_interfaces/msg
[0.436s] -- Up-to-date: /home/jacob/ros2_CPlus/install/practice_interfaces/include/practice_interfaces/practice_interfaces/msg/rosidl_typesupport_fastrtps_cpp__visibility_control.h
[0.436s] -- Up-to-date: /home/jacob/ros2_CPlus/install/practice_interfaces/lib/libpractice_interfaces__rosidl_typesupport_fastrtps_cpp.so
[0.437s] -- Up-to-date: /home/jacob/ros2_CPlus/install/practice_interfaces/include/practice_interfaces/practice_interfaces
[0.437s] -- Up-to-date: /home/jacob/ros2_CPlus/install/practice_interfaces/include/practice_interfaces/practice_interfaces/srv
[0.437s] -- Up-to-date: /home/jacob/ros2_CPlus/install/practice_interfaces/include/practice_interfaces/practice_interfaces/srv/detail
[0.437s] -- Up-to-date: /home/jacob/ros2_CPlus/install/practice_interfaces/include/practice_interfaces/practice_interfaces/srv/detail/add_two_ints__type_support.cpp
[0.437s] -- Up-to-date: /home/jacob/ros2_CPlus/install/practice_interfaces/include/practice_interfaces/practice_interfaces/srv/detail/add_two_ints__rosidl_typesupport_introspection_cpp.hpp
[0.437s] -- Up-to-date: /home/jacob/ros2_CPlus/install/practice_interfaces/lib/libpractice_interfaces__rosidl_typesupport_introspection_cpp.so
[0.437s] -- Up-to-date: /home/jacob/ros2_CPlus/install/practice_interfaces/lib/libpractice_interfaces__rosidl_typesupport_cpp.so
[0.437s] -- Up-to-date: /home/jacob/ros2_CPlus/install/practice_interfaces/share/practice_interfaces/environment/pythonpath.sh
[0.437s] -- Up-to-date: /home/jacob/ros2_CPlus/install/practice_interfaces/share/practice_interfaces/environment/pythonpath.dsv
[0.437s] -- Up-to-date: /home/jacob/ros2_CPlus/install/practice_interfaces/local/lib/python3.10/dist-packages/practice_interfaces-0.0.0-py3.10.egg-info
[0.437s] -- Installing: /home/jacob/ros2_CPlus/install/practice_interfaces/local/lib/python3.10/dist-packages/practice_interfaces-0.0.0-py3.10.egg-info/top_level.txt
[0.437s] -- Installing: /home/jacob/ros2_CPlus/install/practice_interfaces/local/lib/python3.10/dist-packages/practice_interfaces-0.0.0-py3.10.egg-info/SOURCES.txt
[0.437s] -- Installing: /home/jacob/ros2_CPlus/install/practice_interfaces/local/lib/python3.10/dist-packages/practice_interfaces-0.0.0-py3.10.egg-info/PKG-INFO
[0.437s] -- Installing: /home/jacob/ros2_CPlus/install/practice_interfaces/local/lib/python3.10/dist-packages/practice_interfaces-0.0.0-py3.10.egg-info/dependency_links.txt
[0.437s] -- Up-to-date: /home/jacob/ros2_CPlus/install/practice_interfaces/local/lib/python3.10/dist-packages/practice_interfaces
[0.438s] -- Up-to-date: /home/jacob/ros2_CPlus/install/practice_interfaces/local/lib/python3.10/dist-packages/practice_interfaces/srv
[0.438s] -- Up-to-date: /home/jacob/ros2_CPlus/install/practice_interfaces/local/lib/python3.10/dist-packages/practice_interfaces/srv/__init__.py
[0.438s] -- Up-to-date: /home/jacob/ros2_CPlus/install/practice_interfaces/local/lib/python3.10/dist-packages/practice_interfaces/srv/_add_two_ints.py
[0.438s] -- Up-to-date: /home/jacob/ros2_CPlus/install/practice_interfaces/local/lib/python3.10/dist-packages/practice_interfaces/srv/_add_two_ints_s.c
[0.438s] -- Up-to-date: /home/jacob/ros2_CPlus/install/practice_interfaces/local/lib/python3.10/dist-packages/practice_interfaces/_practice_interfaces_s.ep.rosidl_typesupport_fastrtps_c.c
[0.438s] -- Up-to-date: /home/jacob/ros2_CPlus/install/practice_interfaces/local/lib/python3.10/dist-packages/practice_interfaces/libpractice_interfaces__rosidl_generator_py.so
[0.438s] -- Up-to-date: /home/jacob/ros2_CPlus/install/practice_interfaces/local/lib/python3.10/dist-packages/practice_interfaces/_practice_interfaces_s.ep.rosidl_typesupport_introspection_c.c
[0.438s] -- Up-to-date: /home/jacob/ros2_CPlus/install/practice_interfaces/local/lib/python3.10/dist-packages/practice_interfaces/practice_interfaces_s__rosidl_typesupport_c.cpython-310-x86_64-linux-gnu.so
[0.438s] -- Up-to-date: /home/jacob/ros2_CPlus/install/practice_interfaces/local/lib/python3.10/dist-packages/practice_interfaces/__init__.py
[0.438s] -- Up-to-date: /home/jacob/ros2_CPlus/install/practice_interfaces/local/lib/python3.10/dist-packages/practice_interfaces/practice_interfaces_s__rosidl_typesupport_introspection_c.cpython-310-x86_64-linux-gnu.so
[0.438s] -- Up-to-date: /home/jacob/ros2_CPlus/install/practice_interfaces/local/lib/python3.10/dist-packages/practice_interfaces/practice_interfaces_s__rosidl_typesupport_fastrtps_c.cpython-310-x86_64-linux-gnu.so
[0.438s] -- Up-to-date: /home/jacob/ros2_CPlus/install/practice_interfaces/local/lib/python3.10/dist-packages/practice_interfaces/_practice_interfaces_s.ep.rosidl_typesupport_c.c
[0.462s] Listing '/home/jacob/ros2_CPlus/install/practice_interfaces/local/lib/python3.10/dist-packages/practice_interfaces'...
[0.462s] Listing '/home/jacob/ros2_CPlus/install/practice_interfaces/local/lib/python3.10/dist-packages/practice_interfaces/srv'...
[0.465s] -- Up-to-date: /home/jacob/ros2_CPlus/install/practice_interfaces/local/lib/python3.10/dist-packages/practice_interfaces/practice_interfaces_s__rosidl_typesupport_fastrtps_c.cpython-310-x86_64-linux-gnu.so
[0.466s] -- Up-to-date: /home/jacob/ros2_CPlus/install/practice_interfaces/local/lib/python3.10/dist-packages/practice_interfaces/practice_interfaces_s__rosidl_typesupport_introspection_c.cpython-310-x86_64-linux-gnu.so
[0.466s] -- Up-to-date: /home/jacob/ros2_CPlus/install/practice_interfaces/local/lib/python3.10/dist-packages/practice_interfaces/practice_interfaces_s__rosidl_typesupport_c.cpython-310-x86_64-linux-gnu.so
[0.466s] -- Up-to-date: /home/jacob/ros2_CPlus/install/practice_interfaces/lib/libpractice_interfaces__rosidl_generator_py.so
[0.467s] -- Up-to-date: /home/jacob/ros2_CPlus/install/practice_interfaces/share/practice_interfaces/srv/AddTwoInts.idl
[0.467s] -- Up-to-date: /home/jacob/ros2_CPlus/install/practice_interfaces/share/practice_interfaces/srv/AddTwoInts.srv
[0.467s] -- Up-to-date: /home/jacob/ros2_CPlus/install/practice_interfaces/share/practice_interfaces/srv/AddTwoInts_Request.msg
[0.467s] -- Up-to-date: /home/jacob/ros2_CPlus/install/practice_interfaces/share/practice_interfaces/srv/AddTwoInts_Response.msg
[0.467s] -- Up-to-date: /home/jacob/ros2_CPlus/install/practice_interfaces/share/ament_index/resource_index/package_run_dependencies/practice_interfaces
[0.467s] -- Up-to-date: /home/jacob/ros2_CPlus/install/practice_interfaces/share/ament_index/resource_index/parent_prefix_path/practice_interfaces
[0.467s] -- Up-to-date: /home/jacob/ros2_CPlus/install/practice_interfaces/share/practice_interfaces/environment/ament_prefix_path.sh
[0.467s] -- Up-to-date: /home/jacob/ros2_CPlus/install/practice_interfaces/share/practice_interfaces/environment/ament_prefix_path.dsv
[0.467s] -- Up-to-date: /home/jacob/ros2_CPlus/install/practice_interfaces/share/practice_interfaces/environment/path.sh
[0.467s] -- Up-to-date: /home/jacob/ros2_CPlus/install/practice_interfaces/share/practice_interfaces/environment/path.dsv
[0.468s] -- Up-to-date: /home/jacob/ros2_CPlus/install/practice_interfaces/share/practice_interfaces/local_setup.bash
[0.468s] -- Up-to-date: /home/jacob/ros2_CPlus/install/practice_interfaces/share/practice_interfaces/local_setup.sh
[0.468s] -- Up-to-date: /home/jacob/ros2_CPlus/install/practice_interfaces/share/practice_interfaces/local_setup.zsh
[0.468s] -- Up-to-date: /home/jacob/ros2_CPlus/install/practice_interfaces/share/practice_interfaces/local_setup.dsv
[0.468s] -- Installing: /home/jacob/ros2_CPlus/install/practice_interfaces/share/practice_interfaces/package.dsv
[0.468s] -- Up-to-date: /home/jacob/ros2_CPlus/install/practice_interfaces/share/ament_index/resource_index/packages/practice_interfaces
[0.468s] -- Up-to-date: /home/jacob/ros2_CPlus/install/practice_interfaces/share/practice_interfaces/cmake/export_practice_interfaces__rosidl_generator_cExport.cmake
[0.468s] -- Up-to-date: /home/jacob/ros2_CPlus/install/practice_interfaces/share/practice_interfaces/cmake/export_practice_interfaces__rosidl_generator_cExport-noconfig.cmake
[0.468s] -- Up-to-date: /home/jacob/ros2_CPlus/install/practice_interfaces/share/practice_interfaces/cmake/export_practice_interfaces__rosidl_typesupport_fastrtps_cExport.cmake
[0.468s] -- Up-to-date: /home/jacob/ros2_CPlus/install/practice_interfaces/share/practice_interfaces/cmake/export_practice_interfaces__rosidl_typesupport_fastrtps_cExport-noconfig.cmake
[0.468s] -- Up-to-date: /home/jacob/ros2_CPlus/install/practice_interfaces/share/practice_interfaces/cmake/practice_interfaces__rosidl_typesupport_introspection_cExport.cmake
[0.468s] -- Up-to-date: /home/jacob/ros2_CPlus/install/practice_interfaces/share/practice_interfaces/cmake/practice_interfaces__rosidl_typesupport_introspection_cExport-noconfig.cmake
[0.468s] -- Up-to-date: /home/jacob/ros2_CPlus/install/practice_interfaces/share/practice_interfaces/cmake/practice_interfaces__rosidl_typesupport_cExport.cmake
[0.468s] -- Up-to-date: /home/jacob/ros2_CPlus/install/practice_interfaces/share/practice_interfaces/cmake/practice_interfaces__rosidl_typesupport_cExport-noconfig.cmake
[0.468s] -- Up-to-date: /home/jacob/ros2_CPlus/install/practice_interfaces/share/practice_interfaces/cmake/export_practice_interfaces__rosidl_generator_cppExport.cmake
[0.469s] -- Up-to-date: /home/jacob/ros2_CPlus/install/practice_interfaces/share/practice_interfaces/cmake/export_practice_interfaces__rosidl_typesupport_fastrtps_cppExport.cmake
[0.469s] -- Up-to-date: /home/jacob/ros2_CPlus/install/practice_interfaces/share/practice_interfaces/cmake/export_practice_interfaces__rosidl_typesupport_fastrtps_cppExport-noconfig.cmake
[0.469s] -- Up-to-date: /home/jacob/ros2_CPlus/install/practice_interfaces/share/practice_interfaces/cmake/practice_interfaces__rosidl_typesupport_introspection_cppExport.cmake
[0.469s] -- Up-to-date: /home/jacob/ros2_CPlus/install/practice_interfaces/share/practice_interfaces/cmake/practice_interfaces__rosidl_typesupport_introspection_cppExport-noconfig.cmake
[0.469s] -- Up-to-date: /home/jacob/ros2_CPlus/install/practice_interfaces/share/practice_interfaces/cmake/practice_interfaces__rosidl_typesupport_cppExport.cmake
[0.469s] -- Up-to-date: /home/jacob/ros2_CPlus/install/practice_interfaces/share/practice_interfaces/cmake/practice_interfaces__rosidl_typesupport_cppExport-noconfig.cmake
[0.469s] -- Up-to-date: /home/jacob/ros2_CPlus/install/practice_interfaces/share/practice_interfaces/cmake/export_practice_interfaces__rosidl_generator_pyExport.cmake
[0.469s] -- Up-to-date: /home/jacob/ros2_CPlus/install/practice_interfaces/share/practice_interfaces/cmake/export_practice_interfaces__rosidl_generator_pyExport-noconfig.cmake
[0.469s] -- Up-to-date: /home/jacob/ros2_CPlus/install/practice_interfaces/share/practice_interfaces/cmake/rosidl_cmake-extras.cmake
[0.469s] -- Up-to-date: /home/jacob/ros2_CPlus/install/practice_interfaces/share/practice_interfaces/cmake/ament_cmake_export_include_directories-extras.cmake
[0.469s] -- Up-to-date: /home/jacob/ros2_CPlus/install/practice_interfaces/share/practice_interfaces/cmake/ament_cmake_export_libraries-extras.cmake
[0.469s] -- Up-to-date: /home/jacob/ros2_CPlus/install/practice_interfaces/share/practice_interfaces/cmake/ament_cmake_export_targets-extras.cmake
[0.469s] -- Up-to-date: /home/jacob/ros2_CPlus/install/practice_interfaces/share/practice_interfaces/cmake/rosidl_cmake_export_typesupport_targets-extras.cmake
[0.469s] -- Up-to-date: /home/jacob/ros2_CPlus/install/practice_interfaces/share/practice_interfaces/cmake/ament_cmake_export_dependencies-extras.cmake
[0.469s] -- Up-to-date: /home/jacob/ros2_CPlus/install/practice_interfaces/share/practice_interfaces/cmake/rosidl_cmake_export_typesupport_libraries-extras.cmake
[0.470s] -- Up-to-date: /home/jacob/ros2_CPlus/install/practice_interfaces/share/practice_interfaces/cmake/practice_interfacesConfig.cmake
[0.470s] -- Up-to-date: /home/jacob/ros2_CPlus/install/practice_interfaces/share/practice_interfaces/cmake/practice_interfacesConfig-version.cmake
[0.470s] -- Up-to-date: /home/jacob/ros2_CPlus/install/practice_interfaces/share/practice_interfaces/package.xml
[0.472s] Invoked command in '/home/jacob/ros2_CPlus/build/practice_interfaces' returned '0': CMAKE_PREFIX_PATH=${CMAKE_PREFIX_PATH}:/opt/ros/humble /usr/bin/cmake --install /home/jacob/ros2_CPlus/build/practice_interfaces
