[0.012s] Invoking command in '/home/jacob/ros2_CPlus/build/cpp_pubsub': AMENT_PREFIX_PATH=/home/jacob/ros2_CPlus/install/practice_interfaces:${AMENT_PREFIX_PATH} CMAKE_PREFIX_PATH=/home/jacob/ros2_CPlus/install/practice_interfaces:/home/jacob/ros2_CPlus/install/cpp_pubsub:/opt/ros/humble LD_LIBRARY_PATH=/home/jacob/ros2_CPlus/install/practice_interfaces/lib:${LD_LIBRARY_PATH} PYTHONPATH=/home/jacob/ros2_CPlus/install/practice_interfaces/local/lib/python3.10/dist-packages:${PYTHONPATH} /usr/bin/cmake --build /home/jacob/ros2_CPlus/build/cpp_pubsub -- -j16 -l16
[0.035s] -- Found ament_cmake: 1.3.8 (/opt/ros/humble/share/ament_cmake/cmake)
[0.137s] -- Found rclcpp: 16.0.8 (/opt/ros/humble/share/rclcpp/cmake)
[0.161s] -- Found rosidl_generator_c: 3.1.5 (/opt/ros/humble/share/rosidl_generator_c/cmake)
[0.163s] -- Found rosidl_adapter: 3.1.5 (/opt/ros/humble/share/rosidl_adapter/cmake)
[0.168s] -- Found rosidl_generator_cpp: 3.1.5 (/opt/ros/humble/share/rosidl_generator_cpp/cmake)
[0.176s] -- Using all available rosidl_typesupport_c: rosidl_typesupport_fastrtps_c;rosidl_typesupport_introspection_c
[0.188s] -- Using all available rosidl_typesupport_cpp: rosidl_typesupport_fastrtps_cpp;rosidl_typesupport_introspection_cpp
[0.230s] -- Found rmw_implementation_cmake: 6.1.1 (/opt/ros/humble/share/rmw_implementation_cmake/cmake)
[0.231s] -- Found rmw_fastrtps_cpp: 6.2.6 (/opt/ros/humble/share/rmw_fastrtps_cpp/cmake)
[0.344s] -- Using RMW implementation 'rmw_fastrtps_cpp' as default
[0.461s] -- Found practice_interfaces: 0.0.0 (/home/jacob/ros2_CPlus/install/practice_interfaces/share/practice_interfaces/cmake)
[0.472s] [31mCMake Error at /opt/ros/humble/share/ament_cmake_target_dependencies/cmake/ament_target_dependencies.cmake:42 (message):
[0.473s]   ament_target_dependencies() the first argument must be a valid target name
[0.473s] Call Stack (most recent call first):
[0.473s]   CMakeLists.txt:26 (ament_target_dependencies)
[0.473s] 
[0.473s] [0m
[0.473s] -- Configuring incomplete, errors occurred!
[0.473s] See also "/home/jacob/ros2_CPlus/build/cpp_pubsub/CMakeFiles/CMakeOutput.log".
[0.479s] gmake: *** [Makefile:308: cmake_check_build_system] Error 1
[0.482s] Invoked command in '/home/jacob/ros2_CPlus/build/cpp_pubsub' returned '2': AMENT_PREFIX_PATH=/home/jacob/ros2_CPlus/install/practice_interfaces:${AMENT_PREFIX_PATH} CMAKE_PREFIX_PATH=/home/jacob/ros2_CPlus/install/practice_interfaces:/home/jacob/ros2_CPlus/install/cpp_pubsub:/opt/ros/humble LD_LIBRARY_PATH=/home/jacob/ros2_CPlus/install/practice_interfaces/lib:${LD_LIBRARY_PATH} PYTHONPATH=/home/jacob/ros2_CPlus/install/practice_interfaces/local/lib/python3.10/dist-packages:${PYTHONPATH} /usr/bin/cmake --build /home/jacob/ros2_CPlus/build/cpp_pubsub -- -j16 -l16
