[0.010s] Invoking command in '/home/jacob/ros2_CPlus/build/practice_interfaces': CMAKE_PREFIX_PATH=${CMAKE_PREFIX_PATH}:/opt/ros/humble /usr/bin/cmake /home/jacob/ros2_CPlus/src/practice_interfaces -DCMAKE_INSTALL_PREFIX=/home/jacob/ros2_CPlus/install/practice_interfaces
[0.111s] -- The C compiler identification is GNU 11.4.0
[0.189s] -- The CXX compiler identification is GNU 11.4.0
[0.199s] -- Detecting C compiler ABI info
[0.271s] -- Detecting C compiler ABI info - done
[0.277s] -- Check for working C compiler: /usr/bin/cc - skipped
[0.277s] -- Detecting C compile features
[0.278s] -- Detecting C compile features - done
[0.281s] -- Detecting CXX compiler ABI info
[0.358s] -- Detecting CXX compiler ABI info - done
[0.364s] -- Check for working CXX compiler: /usr/bin/c++ - skipped
[0.364s] -- Detecting CXX compile features
[0.365s] -- Detecting CXX compile features - done
[0.370s] -- Found ament_cmake: 1.3.8 (/opt/ros/humble/share/ament_cmake/cmake)
[0.501s] -- Found Python3: /usr/bin/python3 (found version "3.10.12") found components: Interpreter 
[0.607s] [31mCMake Error at CMakeLists.txt:10 (find_package):
[0.607s]   By not providing "Findrosid1_default_generators.cmake" in CMAKE_MODULE_PATH
[0.607s]   this project has asked CMake to find a package configuration file provided
[0.607s]   by "rosid1_default_generators", but CMake did not find one.
[0.607s] 
[0.608s]   Could not find a package configuration file provided by
[0.608s]   "rosid1_default_generators" with any of the following names:
[0.608s] 
[0.608s]     rosid1_default_generatorsConfig.cmake
[0.608s]     rosid1_default_generators-config.cmake
[0.608s] 
[0.608s]   Add the installation prefix of "rosid1_default_generators" to
[0.608s]   CMAKE_PREFIX_PATH or set "rosid1_default_generators_DIR" to a directory
[0.608s]   containing one of the above files.  If "rosid1_default_generators" provides
[0.608s]   a separate development package or SDK, be sure it has been installed.
[0.608s] 
[0.608s] [0m
[0.608s] -- Configuring incomplete, errors occurred!
[0.608s] See also "/home/jacob/ros2_CPlus/build/practice_interfaces/CMakeFiles/CMakeOutput.log".
[0.612s] Invoked command in '/home/jacob/ros2_CPlus/build/practice_interfaces' returned '1': CMAKE_PREFIX_PATH=${CMAKE_PREFIX_PATH}:/opt/ros/humble /usr/bin/cmake /home/jacob/ros2_CPlus/src/practice_interfaces -DCMAKE_INSTALL_PREFIX=/home/jacob/ros2_CPlus/install/practice_interfaces
