-- Found ament_cmake: 1.3.8 (/opt/ros/humble/share/ament_cmake/cmake)
-- Found rclcpp: 16.0.8 (/opt/ros/humble/share/rclcpp/cmake)
-- Found rosidl_generator_c: 3.1.5 (/opt/ros/humble/share/rosidl_generator_c/cmake)
-- Found rosidl_adapter: 3.1.5 (/opt/ros/humble/share/rosidl_adapter/cmake)
-- Found rosidl_generator_cpp: 3.1.5 (/opt/ros/humble/share/rosidl_generator_cpp/cmake)
-- Using all available rosidl_typesupport_c: rosidl_typesupport_fastrtps_c;rosidl_typesupport_introspection_c
-- Using all available rosidl_typesupport_cpp: rosidl_typesupport_fastrtps_cpp;rosidl_typesupport_introspection_cpp
-- Found rmw_implementation_cmake: 6.1.1 (/opt/ros/humble/share/rmw_implementation_cmake/cmake)
-- Found rmw_fastrtps_cpp: 6.2.6 (/opt/ros/humble/share/rmw_fastrtps_cpp/cmake)
-- Using RMW implementation 'rmw_fastrtps_cpp' as default
-- Found practice_interfaces: 0.0.0 (/home/jacob/ros2_CPlus/install/practice_interfaces/share/practice_interfaces/cmake)
-- Found ament_lint_auto: 0.12.10 (/opt/ros/humble/share/ament_lint_auto/cmake)
-- Added test 'cppcheck' to perform static code analysis on C / C++ code
-- Configured cppcheck include dirs: 
-- Configured cppcheck exclude dirs and/or files: 
-- Added test 'lint_cmake' to check CMake code style
-- Added test 'uncrustify' to check C / C++ code style
-- Configured uncrustify additional arguments: 
-- Added test 'xmllint' to check XML markup files
-- Configuring done
-- Generating done
-- Build files have been written to: /home/jacob/ros2_CPlus/build/cpp_pubsub
[35m[1mConsolidate compiler generated dependencies of target listener[0m
[35m[1mConsolidate compiler generated dependencies of target talker[0m
[ 25%] [32mBuilding CXX object CMakeFiles/AddTwoServer.dir/src/AddTwoServer.cpp.o[0m
[ 25%] [32mBuilding CXX object CMakeFiles/AddTwoClient.dir/src/AddClient.cpp.o[0m
[ 75%] Built target talker
[ 75%] Built target listener
[01m[K/home/jacob/ros2_CPlus/src/cpp_pubsub/src/AddTwoServer.cpp:2:10:[m[K [01;31m[Kfatal error: [m[Kpractice_interfaces/srv/AddTwoInts.hpp: No such file or directory
    2 | #include [01;31m[K"practice_interfaces/srv/AddTwoInts.hpp"[m[K
      |          [01;31m[K^~~~~~~~~~~~~~~~~~~~~~~~~~~~~~~~~~~~~~~~[m[K
[01m[K/home/jacob/ros2_CPlus/src/cpp_pubsub/src/AddClient.cpp:2:10:[m[K [01;31m[Kfatal error: [m[Kpractice_interfaces/srv/AddTwoInts.hpp: No such file or directory
    2 | #include [01;31m[K"practice_interfaces/srv/AddTwoInts.hpp"[m[K
      |          [01;31m[K^~~~~~~~~~~~~~~~~~~~~~~~~~~~~~~~~~~~~~~~[m[K
compilation terminated.
compilation terminated.
gmake[2]: *** [CMakeFiles/AddTwoServer.dir/build.make:76: CMakeFiles/AddTwoServer.dir/src/AddTwoServer.cpp.o] Error 1
gmake[2]: *** [CMakeFiles/AddTwoClient.dir/build.make:76: CMakeFiles/AddTwoClient.dir/src/AddClient.cpp.o] Error 1
gmake[1]: *** [CMakeFiles/Makefile2:195: CMakeFiles/AddTwoServer.dir/all] Error 2
gmake[1]: *** Waiting for unfinished jobs....
gmake[1]: *** [CMakeFiles/Makefile2:221: CMakeFiles/AddTwoClient.dir/all] Error 2
gmake: *** [Makefile:146: all] Error 2
