[0.009s] Invoking command in '/home/jacob/ros2_CPlus/build/cpp_pubsub': AMENT_PREFIX_PATH=/home/jacob/ros2_CPlus/install/practice_interfaces:${AMENT_PREFIX_PATH} CMAKE_PREFIX_PATH=/home/jacob/ros2_CPlus/install/practice_interfaces:/home/jacob/ros2_CPlus/install/cpp_pubsub:/opt/ros/humble LD_LIBRARY_PATH=/home/jacob/ros2_CPlus/install/practice_interfaces/lib:${LD_LIBRARY_PATH} PYTHONPATH=/home/jacob/ros2_CPlus/install/practice_interfaces/local/lib/python3.10/dist-packages:${PYTHONPATH} /usr/bin/cmake --build /home/jacob/ros2_CPlus/build/cpp_pubsub -- -j16 -l16
[0.031s] -- Found ament_cmake: 1.3.8 (/opt/ros/humble/share/ament_cmake/cmake)
[0.130s] -- Found rclcpp: 16.0.8 (/opt/ros/humble/share/rclcpp/cmake)
[0.155s] -- Found rosidl_generator_c: 3.1.5 (/opt/ros/humble/share/rosidl_generator_c/cmake)
[0.157s] -- Found rosidl_adapter: 3.1.5 (/opt/ros/humble/share/rosidl_adapter/cmake)
[0.162s] -- Found rosidl_generator_cpp: 3.1.5 (/opt/ros/humble/share/rosidl_generator_cpp/cmake)
[0.170s] -- Using all available rosidl_typesupport_c: rosidl_typesupport_fastrtps_c;rosidl_typesupport_introspection_c
[0.182s] -- Using all available rosidl_typesupport_cpp: rosidl_typesupport_fastrtps_cpp;rosidl_typesupport_introspection_cpp
[0.226s] -- Found rmw_implementation_cmake: 6.1.1 (/opt/ros/humble/share/rmw_implementation_cmake/cmake)
[0.227s] -- Found rmw_fastrtps_cpp: 6.2.6 (/opt/ros/humble/share/rmw_fastrtps_cpp/cmake)
[0.339s] -- Using RMW implementation 'rmw_fastrtps_cpp' as default
[0.461s] -- Found practice_interfaces: 0.0.0 (/home/jacob/ros2_CPlus/install/practice_interfaces/share/practice_interfaces/cmake)
[0.474s] -- Found ament_lint_auto: 0.12.10 (/opt/ros/humble/share/ament_lint_auto/cmake)
[0.527s] -- Added test 'cppcheck' to perform static code analysis on C / C++ code
[0.527s] -- Configured cppcheck include dirs: 
[0.527s] -- Configured cppcheck exclude dirs and/or files: 
[0.527s] -- Added test 'lint_cmake' to check CMake code style
[0.528s] -- Added test 'uncrustify' to check C / C++ code style
[0.528s] -- Configured uncrustify additional arguments: 
[0.528s] -- Added test 'xmllint' to check XML markup files
[0.529s] -- Configuring done
[0.547s] -- Generating done
[0.549s] -- Build files have been written to: /home/jacob/ros2_CPlus/build/cpp_pubsub
[0.575s] [35m[1mConsolidate compiler generated dependencies of target listener[0m
[0.575s] [35m[1mConsolidate compiler generated dependencies of target talker[0m
[0.585s] [ 25%] [32mBuilding CXX object CMakeFiles/AddTwoServer.dir/src/AddTwoServer.cpp.o[0m
[0.585s] [ 25%] [32mBuilding CXX object CMakeFiles/AddTwoClient.dir/src/AddClient.cpp.o[0m
[0.609s] [ 75%] Built target talker
[0.609s] [ 75%] Built target listener
[0.839s] [01m[K/home/jacob/ros2_CPlus/src/cpp_pubsub/src/AddTwoServer.cpp:2:10:[m[K [01;31m[Kfatal error: [m[Kpractice_interfaces/srv/AddTwoInts.hpp: No such file or directory
[0.839s]     2 | #include [01;31m[K"practice_interfaces/srv/AddTwoInts.hpp"[m[K
[0.839s]       |          [01;31m[K^~~~~~~~~~~~~~~~~~~~~~~~~~~~~~~~~~~~~~~~[m[K
[0.839s] [01m[K/home/jacob/ros2_CPlus/src/cpp_pubsub/src/AddClient.cpp:2:10:[m[K [01;31m[Kfatal error: [m[Kpractice_interfaces/srv/AddTwoInts.hpp: No such file or directory
[0.839s]     2 | #include [01;31m[K"practice_interfaces/srv/AddTwoInts.hpp"[m[K
[0.839s]       |          [01;31m[K^~~~~~~~~~~~~~~~~~~~~~~~~~~~~~~~~~~~~~~~[m[K
[0.839s] compilation terminated.
[0.839s] compilation terminated.
[0.842s] gmake[2]: *** [CMakeFiles/AddTwoServer.dir/build.make:76: CMakeFiles/AddTwoServer.dir/src/AddTwoServer.cpp.o] Error 1
[0.842s] gmake[2]: *** [CMakeFiles/AddTwoClient.dir/build.make:76: CMakeFiles/AddTwoClient.dir/src/AddClient.cpp.o] Error 1
[0.842s] gmake[1]: *** [CMakeFiles/Makefile2:195: CMakeFiles/AddTwoServer.dir/all] Error 2
[0.842s] gmake[1]: *** Waiting for unfinished jobs....
[0.842s] gmake[1]: *** [CMakeFiles/Makefile2:221: CMakeFiles/AddTwoClient.dir/all] Error 2
[0.843s] gmake: *** [Makefile:146: all] Error 2
[0.845s] Invoked command in '/home/jacob/ros2_CPlus/build/cpp_pubsub' returned '2': AMENT_PREFIX_PATH=/home/jacob/ros2_CPlus/install/practice_interfaces:${AMENT_PREFIX_PATH} CMAKE_PREFIX_PATH=/home/jacob/ros2_CPlus/install/practice_interfaces:/home/jacob/ros2_CPlus/install/cpp_pubsub:/opt/ros/humble LD_LIBRARY_PATH=/home/jacob/ros2_CPlus/install/practice_interfaces/lib:${LD_LIBRARY_PATH} PYTHONPATH=/home/jacob/ros2_CPlus/install/practice_interfaces/local/lib/python3.10/dist-packages:${PYTHONPATH} /usr/bin/cmake --build /home/jacob/ros2_CPlus/build/cpp_pubsub -- -j16 -l16
