[0.015s] Invoking command in '/home/jacob/ros2_CPlus/build/cpp_pubsub': CMAKE_PREFIX_PATH=/opt/ros/humble /usr/bin/cmake --build /home/jacob/ros2_CPlus/build/cpp_pubsub -- -j16 -l16
[0.070s] Invoked command in '/home/jacob/ros2_CPlus/build/cpp_pubsub' returned '0': CMAKE_PREFIX_PATH=/opt/ros/humble /usr/bin/cmake --build /home/jacob/ros2_CPlus/build/cpp_pubsub -- -j16 -l16
[0.117s] Invoking command in '/home/jacob/ros2_CPlus/build/cpp_pubsub': CMAKE_PREFIX_PATH=/opt/ros/humble /usr/bin/cmake --install /home/jacob/ros2_CPlus/build/cpp_pubsub
[0.126s] -- Install configuration: ""
[0.126s] -- Up-to-date: /home/jacob/ros2_CPlus/install/cpp_pubsub/share/ament_index/resource_index/package_run_dependencies/cpp_pubsub
[0.127s] -- Up-to-date: /home/jacob/ros2_CPlus/install/cpp_pubsub/share/ament_index/resource_index/parent_prefix_path/cpp_pubsub
[0.127s] -- Up-to-date: /home/jacob/ros2_CPlus/install/cpp_pubsub/share/cpp_pubsub/environment/ament_prefix_path.sh
[0.127s] -- Up-to-date: /home/jacob/ros2_CPlus/install/cpp_pubsub/share/cpp_pubsub/environment/ament_prefix_path.dsv
[0.127s] -- Up-to-date: /home/jacob/ros2_CPlus/install/cpp_pubsub/share/cpp_pubsub/environment/path.sh
[0.127s] -- Up-to-date: /home/jacob/ros2_CPlus/install/cpp_pubsub/share/cpp_pubsub/environment/path.dsv
[0.127s] -- Up-to-date: /home/jacob/ros2_CPlus/install/cpp_pubsub/share/cpp_pubsub/local_setup.bash
[0.127s] -- Up-to-date: /home/jacob/ros2_CPlus/install/cpp_pubsub/share/cpp_pubsub/local_setup.sh
[0.127s] -- Up-to-date: /home/jacob/ros2_CPlus/install/cpp_pubsub/share/cpp_pubsub/local_setup.zsh
[0.127s] -- Up-to-date: /home/jacob/ros2_CPlus/install/cpp_pubsub/share/cpp_pubsub/local_setup.dsv
[0.128s] -- Up-to-date: /home/jacob/ros2_CPlus/install/cpp_pubsub/share/cpp_pubsub/package.dsv
[0.128s] -- Up-to-date: /home/jacob/ros2_CPlus/install/cpp_pubsub/share/ament_index/resource_index/packages/cpp_pubsub
[0.128s] -- Up-to-date: /home/jacob/ros2_CPlus/install/cpp_pubsub/share/cpp_pubsub/cmake/cpp_pubsubConfig.cmake
[0.128s] -- Up-to-date: /home/jacob/ros2_CPlus/install/cpp_pubsub/share/cpp_pubsub/cmake/cpp_pubsubConfig-version.cmake
[0.128s] -- Up-to-date: /home/jacob/ros2_CPlus/install/cpp_pubsub/share/cpp_pubsub/package.xml
[0.130s] Invoked command in '/home/jacob/ros2_CPlus/build/cpp_pubsub' returned '0': CMAKE_PREFIX_PATH=/opt/ros/humble /usr/bin/cmake --install /home/jacob/ros2_CPlus/build/cpp_pubsub
