[0.009s] Invoking command in '/home/jacob/ros2_CPlus/build/cpp_pubsub': AMENT_PREFIX_PATH=/home/jacob/ros2_CPlus/install/practice_interfaces:${AMENT_PREFIX_PATH} CMAKE_PREFIX_PATH=/home/jacob/ros2_CPlus/install/practice_interfaces:/home/jacob/ros2_CPlus/install/cpp_pubsub:/opt/ros/humble LD_LIBRARY_PATH=/home/jacob/ros2_CPlus/install/practice_interfaces/lib:${LD_LIBRARY_PATH} PYTHONPATH=/home/jacob/ros2_CPlus/install/practice_interfaces/local/lib/python3.10/dist-packages:${PYTHONPATH} /usr/bin/cmake --build /home/jacob/ros2_CPlus/build/cpp_pubsub -- -j16 -l16
[0.060s] [ 25%] [32mBuilding CXX object CMakeFiles/AddTwoClient.dir/src/AddClient.cpp.o[0m
[0.061s] [ 25%] [32mBuilding CXX object CMakeFiles/AddTwoServer.dir/src/AddTwoServer.cpp.o[0m
[0.062s] [ 50%] Built target talker
[0.063s] [ 75%] Built target listener
[0.270s] [01m[K/home/jacob/ros2_CPlus/src/cpp_pubsub/src/AddTwoServer.cpp:2:10:[m[K [01;31m[Kfatal error: [m[Kpractice_interfaces/srv/AddTwoInts.srv: No such file or directory
[0.270s]     2 | #include [01;31m[K"practice_interfaces/srv/AddTwoInts.srv"[m[K
[0.270s]       |          [01;31m[K^~~~~~~~~~~~~~~~~~~~~~~~~~~~~~~~~~~~~~~~[m[K
[0.270s] compilation terminated.
[0.271s] [01m[K/home/jacob/ros2_CPlus/src/cpp_pubsub/src/AddClient.cpp:2:10:[m[K [01;31m[Kfatal error: [m[Kpractice_interfaces/srv/AddTwoInts.srv: No such file or directory
[0.272s]     2 | #include [01;31m[K"practice_interfaces/srv/AddTwoInts.srv"[m[K
[0.272s]       |          [01;31m[K^~~~~~~~~~~~~~~~~~~~~~~~~~~~~~~~~~~~~~~~[m[K
[0.272s] compilation terminated.
[0.277s] gmake[2]: *** [CMakeFiles/AddTwoServer.dir/build.make:76: CMakeFiles/AddTwoServer.dir/src/AddTwoServer.cpp.o] Error 1
[0.277s] gmake[2]: *** [CMakeFiles/AddTwoClient.dir/build.make:76: CMakeFiles/AddTwoClient.dir/src/AddClient.cpp.o] Error 1
[0.277s] gmake[1]: *** [CMakeFiles/Makefile2:195: CMakeFiles/AddTwoServer.dir/all] Error 2
[0.278s] gmake[1]: *** Waiting for unfinished jobs....
[0.278s] gmake[1]: *** [CMakeFiles/Makefile2:221: CMakeFiles/AddTwoClient.dir/all] Error 2
[0.278s] gmake: *** [Makefile:146: all] Error 2
[0.280s] Invoked command in '/home/jacob/ros2_CPlus/build/cpp_pubsub' returned '2': AMENT_PREFIX_PATH=/home/jacob/ros2_CPlus/install/practice_interfaces:${AMENT_PREFIX_PATH} CMAKE_PREFIX_PATH=/home/jacob/ros2_CPlus/install/practice_interfaces:/home/jacob/ros2_CPlus/install/cpp_pubsub:/opt/ros/humble LD_LIBRARY_PATH=/home/jacob/ros2_CPlus/install/practice_interfaces/lib:${LD_LIBRARY_PATH} PYTHONPATH=/home/jacob/ros2_CPlus/install/practice_interfaces/local/lib/python3.10/dist-packages:${PYTHONPATH} /usr/bin/cmake --build /home/jacob/ros2_CPlus/build/cpp_pubsub -- -j16 -l16
