[0.010s] Invoking command in '/home/jacob/ros2_CPlus/build/practice_interfaces': CMAKE_PREFIX_PATH=${CMAKE_PREFIX_PATH}:/opt/ros/humble /usr/bin/cmake /home/jacob/ros2_CPlus/src/practice_interfaces -DCMAKE_INSTALL_PREFIX=/home/jacob/ros2_CPlus/install/practice_interfaces
[0.020s] -- Found ament_cmake: 1.3.8 (/opt/ros/humble/share/ament_cmake/cmake)
[0.116s] -- Found rosidl_default_generators: 1.2.0 (/opt/ros/humble/share/rosidl_default_generators/cmake)
[0.117s] -- Using all available rosidl_typesupport_c: rosidl_typesupport_fastrtps_c;rosidl_typesupport_introspection_c
[0.119s] -- Found rosidl_adapter: 3.1.5 (/opt/ros/humble/share/rosidl_adapter/cmake)
[0.145s] -- Using all available rosidl_typesupport_cpp: rosidl_typesupport_fastrtps_cpp;rosidl_typesupport_introspection_cpp
[0.166s] -- Found ament_lint_auto: 0.12.10 (/opt/ros/humble/share/ament_lint_auto/cmake)
[0.360s] -- Found ament_cmake_ros: 0.10.0 (/opt/ros/humble/share/ament_cmake_ros/cmake)
[0.509s] -- Using all available rosidl_typesupport_c: rosidl_typesupport_fastrtps_c;rosidl_typesupport_introspection_c
[0.694s] -- Using all available rosidl_typesupport_cpp: rosidl_typesupport_fastrtps_cpp;rosidl_typesupport_introspection_cpp
[0.713s] -- Found PythonInterp: /usr/bin/python3 (found suitable version "3.10.12", minimum required is "3.6") 
[0.716s] -- Found python_cmake_module: 0.10.0 (/opt/ros/humble/share/python_cmake_module/cmake)
[0.742s] -- Found PythonLibs: /usr/lib/x86_64-linux-gnu/libpython3.10.so (found suitable version "3.10.12", minimum required is "3.5") 
[0.742s] -- Using PYTHON_EXECUTABLE: /usr/bin/python3
[0.742s] -- Using PYTHON_INCLUDE_DIRS: /usr/include/python3.10
[0.742s] -- Using PYTHON_LIBRARIES: /usr/lib/x86_64-linux-gnu/libpython3.10.so
[0.759s] -- Found PythonExtra: .so  
[0.792s] -- Added test 'lint_cmake' to check CMake code style
[0.793s] -- Added test 'xmllint' to check XML markup files
[0.800s] -- Configuring done
[0.827s] -- Generating done
[0.829s] -- Build files have been written to: /home/jacob/ros2_CPlus/build/practice_interfaces
[0.836s] Invoked command in '/home/jacob/ros2_CPlus/build/practice_interfaces' returned '0': CMAKE_PREFIX_PATH=${CMAKE_PREFIX_PATH}:/opt/ros/humble /usr/bin/cmake /home/jacob/ros2_CPlus/src/practice_interfaces -DCMAKE_INSTALL_PREFIX=/home/jacob/ros2_CPlus/install/practice_interfaces
[0.838s] Invoking command in '/home/jacob/ros2_CPlus/build/practice_interfaces': CMAKE_PREFIX_PATH=${CMAKE_PREFIX_PATH}:/opt/ros/humble /usr/bin/cmake --build /home/jacob/ros2_CPlus/build/practice_interfaces -- -j16 -l16
[0.875s] [  3%] [34m[1mGenerating C code for ROS interfaces[0m
[0.884s] [  6%] [34m[1mGenerating C++ code for ROS interfaces[0m
[0.892s] [  6%] Built target ament_cmake_python_copy_practice_interfaces
[1.087s] [  6%] Built target practice_interfaces__cpp
[1.097s] [ 16%] [34m[1mGenerating C++ type support dispatch for ROS interfaces[0m
[1.097s] [ 16%] [34m[1mGenerating C++ introspection for ROS interfaces[0m
[1.097s] [ 16%] [34m[1mGenerating C++ type support for eProsima Fast-RTPS[0m
[1.102s] [ 19%] [32mBuilding C object CMakeFiles/practice_interfaces__rosidl_generator_c.dir/rosidl_generator_c/practice_interfaces/srv/detail/add_two_ints__functions.c.o[0m
[1.132s] running egg_info
[1.133s] creating practice_interfaces.egg-info
[1.133s] writing practice_interfaces.egg-info/PKG-INFO
[1.133s] writing dependency_links to practice_interfaces.egg-info/dependency_links.txt
[1.133s] writing top-level names to practice_interfaces.egg-info/top_level.txt
[1.134s] writing manifest file 'practice_interfaces.egg-info/SOURCES.txt'
[1.136s] reading manifest file 'practice_interfaces.egg-info/SOURCES.txt'
[1.136s] writing manifest file 'practice_interfaces.egg-info/SOURCES.txt'
[1.166s] [ 19%] Built target ament_cmake_python_build_practice_interfaces_egg
[1.170s] [ 22%] [32m[1mLinking C shared library libpractice_interfaces__rosidl_generator_c.so[0m
[1.206s] [ 22%] Built target practice_interfaces__rosidl_generator_c
[1.216s] [ 32%] [34m[1mGenerating C introspection for ROS interfaces[0m
[1.217s] [ 32%] [34m[1mGenerating C type support for eProsima Fast-RTPS[0m
[1.217s] [ 32%] [34m[1mGenerating C type support dispatch for ROS interfaces[0m
[1.282s] [ 35%] [32mBuilding CXX object CMakeFiles/practice_interfaces__rosidl_typesupport_cpp.dir/rosidl_typesupport_cpp/practice_interfaces/srv/add_two_ints__type_support.cpp.o[0m
[1.305s] [ 38%] [32mBuilding CXX object CMakeFiles/practice_interfaces__rosidl_typesupport_introspection_cpp.dir/rosidl_typesupport_introspection_cpp/practice_interfaces/srv/detail/add_two_ints__type_support.cpp.o[0m
[1.312s] [ 41%] [32mBuilding CXX object CMakeFiles/practice_interfaces__rosidl_typesupport_fastrtps_cpp.dir/rosidl_typesupport_fastrtps_cpp/practice_interfaces/srv/detail/dds_fastrtps/add_two_ints__type_support.cpp.o[0m
[1.406s] [ 45%] [32mBuilding CXX object CMakeFiles/practice_interfaces__rosidl_typesupport_c.dir/rosidl_typesupport_c/practice_interfaces/srv/add_two_ints__type_support.cpp.o[0m
[1.430s] [ 51%] [32mBuilding C object CMakeFiles/practice_interfaces__rosidl_typesupport_introspection_c.dir/rosidl_typesupport_introspection_c/practice_interfaces/srv/detail/add_two_ints__type_support.c.o[0m
[1.430s] [ 51%] [32mBuilding CXX object CMakeFiles/practice_interfaces__rosidl_typesupport_fastrtps_c.dir/rosidl_typesupport_fastrtps_c/practice_interfaces/srv/detail/add_two_ints__type_support_c.cpp.o[0m
[1.437s] [ 54%] [32m[1mLinking CXX shared library libpractice_interfaces__rosidl_typesupport_c.so[0m
[1.465s] [ 58%] [32m[1mLinking C shared library libpractice_interfaces__rosidl_typesupport_introspection_c.so[0m
[1.479s] [ 58%] Built target practice_interfaces__rosidl_typesupport_c
[1.497s] [ 58%] Built target practice_interfaces__rosidl_typesupport_introspection_c
[1.534s] [ 61%] [32m[1mLinking CXX shared library libpractice_interfaces__rosidl_typesupport_cpp.so[0m
[1.575s] [ 61%] Built target practice_interfaces__rosidl_typesupport_cpp
[1.631s] [ 64%] [32m[1mLinking CXX shared library libpractice_interfaces__rosidl_typesupport_introspection_cpp.so[0m
[1.659s] [ 67%] [32m[1mLinking CXX shared library libpractice_interfaces__rosidl_typesupport_fastrtps_cpp.so[0m
[1.669s] [ 67%] Built target practice_interfaces__rosidl_typesupport_introspection_cpp
[1.711s] [ 70%] [32m[1mLinking CXX shared library libpractice_interfaces__rosidl_typesupport_fastrtps_c.so[0m
[1.722s] [ 70%] Built target practice_interfaces__rosidl_typesupport_fastrtps_cpp
[1.774s] [ 70%] Built target practice_interfaces__rosidl_typesupport_fastrtps_c
[1.792s] [ 70%] Built target practice_interfaces
[1.812s] [ 74%] [34m[1mGenerating Python code for ROS interfaces[0m
[2.083s] [ 74%] Built target practice_interfaces__py
[2.102s] [ 77%] [32mBuilding C object CMakeFiles/practice_interfaces__rosidl_generator_py.dir/rosidl_generator_py/practice_interfaces/srv/_add_two_ints_s.c.o[0m
[2.204s] [ 80%] [32m[1mLinking C shared library rosidl_generator_py/practice_interfaces/libpractice_interfaces__rosidl_generator_py.so[0m
[2.241s] [ 80%] Built target practice_interfaces__rosidl_generator_py
[2.261s] [ 90%] [32mBuilding C object CMakeFiles/practice_interfaces__rosidl_typesupport_c__pyext.dir/rosidl_generator_py/practice_interfaces/_practice_interfaces_s.ep.rosidl_typesupport_c.c.o[0m
[2.262s] [ 90%] [32mBuilding C object CMakeFiles/practice_interfaces__rosidl_typesupport_introspection_c__pyext.dir/rosidl_generator_py/practice_interfaces/_practice_interfaces_s.ep.rosidl_typesupport_introspection_c.c.o[0m
[2.262s] [ 90%] [32mBuilding C object CMakeFiles/practice_interfaces__rosidl_typesupport_fastrtps_c__pyext.dir/rosidl_generator_py/practice_interfaces/_practice_interfaces_s.ep.rosidl_typesupport_fastrtps_c.c.o[0m
[2.338s] [ 96%] [32m[1mLinking C shared library rosidl_generator_py/practice_interfaces/practice_interfaces_s__rosidl_typesupport_introspection_c.cpython-310-x86_64-linux-gnu.so[0m
[2.338s] [ 96%] [32m[1mLinking C shared library rosidl_generator_py/practice_interfaces/practice_interfaces_s__rosidl_typesupport_c.cpython-310-x86_64-linux-gnu.so[0m
[2.343s] [100%] [32m[1mLinking C shared library rosidl_generator_py/practice_interfaces/practice_interfaces_s__rosidl_typesupport_fastrtps_c.cpython-310-x86_64-linux-gnu.so[0m
[2.368s] [100%] Built target practice_interfaces__rosidl_typesupport_introspection_c__pyext
[2.369s] [100%] Built target practice_interfaces__rosidl_typesupport_c__pyext
[2.374s] [100%] Built target practice_interfaces__rosidl_typesupport_fastrtps_c__pyext
[2.386s] Invoked command in '/home/jacob/ros2_CPlus/build/practice_interfaces' returned '0': CMAKE_PREFIX_PATH=${CMAKE_PREFIX_PATH}:/opt/ros/humble /usr/bin/cmake --build /home/jacob/ros2_CPlus/build/practice_interfaces -- -j16 -l16
[2.457s] Invoking command in '/home/jacob/ros2_CPlus/build/practice_interfaces': CMAKE_PREFIX_PATH=${CMAKE_PREFIX_PATH}:/opt/ros/humble /usr/bin/cmake --install /home/jacob/ros2_CPlus/build/practice_interfaces
[2.464s] -- Install configuration: ""
[2.464s] -- Installing: /home/jacob/ros2_CPlus/install/practice_interfaces/share/ament_index/resource_index/rosidl_interfaces/practice_interfaces
[2.465s] -- Installing: /home/jacob/ros2_CPlus/install/practice_interfaces/include/practice_interfaces/practice_interfaces
[2.465s] -- Installing: /home/jacob/ros2_CPlus/install/practice_interfaces/include/practice_interfaces/practice_interfaces/srv
[2.465s] -- Installing: /home/jacob/ros2_CPlus/install/practice_interfaces/include/practice_interfaces/practice_interfaces/srv/add_two_ints.h
[2.465s] -- Installing: /home/jacob/ros2_CPlus/install/practice_interfaces/include/practice_interfaces/practice_interfaces/srv/detail
[2.465s] -- Installing: /home/jacob/ros2_CPlus/install/practice_interfaces/include/practice_interfaces/practice_interfaces/srv/detail/add_two_ints__functions.c
[2.465s] -- Installing: /home/jacob/ros2_CPlus/install/practice_interfaces/include/practice_interfaces/practice_interfaces/srv/detail/add_two_ints__functions.h
[2.465s] -- Installing: /home/jacob/ros2_CPlus/install/practice_interfaces/include/practice_interfaces/practice_interfaces/srv/detail/add_two_ints__struct.h
[2.465s] -- Installing: /home/jacob/ros2_CPlus/install/practice_interfaces/include/practice_interfaces/practice_interfaces/srv/detail/add_two_ints__type_support.h
[2.466s] -- Installing: /home/jacob/ros2_CPlus/install/practice_interfaces/include/practice_interfaces/practice_interfaces/msg
[2.466s] -- Installing: /home/jacob/ros2_CPlus/install/practice_interfaces/include/practice_interfaces/practice_interfaces/msg/rosidl_generator_c__visibility_control.h
[2.466s] -- Installing: /home/jacob/ros2_CPlus/install/practice_interfaces/share/practice_interfaces/environment/library_path.sh
[2.466s] -- Installing: /home/jacob/ros2_CPlus/install/practice_interfaces/share/practice_interfaces/environment/library_path.dsv
[2.466s] -- Installing: /home/jacob/ros2_CPlus/install/practice_interfaces/lib/libpractice_interfaces__rosidl_generator_c.so
[2.466s] -- Set runtime path of "/home/jacob/ros2_CPlus/install/practice_interfaces/lib/libpractice_interfaces__rosidl_generator_c.so" to ""
[2.466s] -- Up-to-date: /home/jacob/ros2_CPlus/install/practice_interfaces/include/practice_interfaces/practice_interfaces
[2.466s] -- Up-to-date: /home/jacob/ros2_CPlus/install/practice_interfaces/include/practice_interfaces/practice_interfaces/srv
[2.467s] -- Up-to-date: /home/jacob/ros2_CPlus/install/practice_interfaces/include/practice_interfaces/practice_interfaces/srv/detail
[2.467s] -- Installing: /home/jacob/ros2_CPlus/install/practice_interfaces/include/practice_interfaces/practice_interfaces/srv/detail/add_two_ints__rosidl_typesupport_fastrtps_c.h
[2.467s] -- Up-to-date: /home/jacob/ros2_CPlus/install/practice_interfaces/include/practice_interfaces/practice_interfaces/msg
[2.467s] -- Installing: /home/jacob/ros2_CPlus/install/practice_interfaces/include/practice_interfaces/practice_interfaces/msg/rosidl_typesupport_fastrtps_c__visibility_control.h
[2.467s] -- Installing: /home/jacob/ros2_CPlus/install/practice_interfaces/lib/libpractice_interfaces__rosidl_typesupport_fastrtps_c.so
[2.467s] -- Set runtime path of "/home/jacob/ros2_CPlus/install/practice_interfaces/lib/libpractice_interfaces__rosidl_typesupport_fastrtps_c.so" to ""
[2.467s] -- Up-to-date: /home/jacob/ros2_CPlus/install/practice_interfaces/include/practice_interfaces/practice_interfaces
[2.467s] -- Up-to-date: /home/jacob/ros2_CPlus/install/practice_interfaces/include/practice_interfaces/practice_interfaces/srv
[2.467s] -- Up-to-date: /home/jacob/ros2_CPlus/install/practice_interfaces/include/practice_interfaces/practice_interfaces/srv/detail
[2.467s] -- Installing: /home/jacob/ros2_CPlus/install/practice_interfaces/include/practice_interfaces/practice_interfaces/srv/detail/add_two_ints__type_support.c
[2.467s] -- Installing: /home/jacob/ros2_CPlus/install/practice_interfaces/include/practice_interfaces/practice_interfaces/srv/detail/add_two_ints__rosidl_typesupport_introspection_c.h
[2.468s] -- Up-to-date: /home/jacob/ros2_CPlus/install/practice_interfaces/include/practice_interfaces/practice_interfaces/msg
[2.468s] -- Installing: /home/jacob/ros2_CPlus/install/practice_interfaces/include/practice_interfaces/practice_interfaces/msg/rosidl_typesupport_introspection_c__visibility_control.h
[2.468s] -- Installing: /home/jacob/ros2_CPlus/install/practice_interfaces/lib/libpractice_interfaces__rosidl_typesupport_introspection_c.so
[2.468s] -- Set runtime path of "/home/jacob/ros2_CPlus/install/practice_interfaces/lib/libpractice_interfaces__rosidl_typesupport_introspection_c.so" to ""
[2.468s] -- Installing: /home/jacob/ros2_CPlus/install/practice_interfaces/lib/libpractice_interfaces__rosidl_typesupport_c.so
[2.468s] -- Set runtime path of "/home/jacob/ros2_CPlus/install/practice_interfaces/lib/libpractice_interfaces__rosidl_typesupport_c.so" to ""
[2.469s] -- Up-to-date: /home/jacob/ros2_CPlus/install/practice_interfaces/include/practice_interfaces/practice_interfaces
[2.469s] -- Up-to-date: /home/jacob/ros2_CPlus/install/practice_interfaces/include/practice_interfaces/practice_interfaces/srv
[2.469s] -- Installing: /home/jacob/ros2_CPlus/install/practice_interfaces/include/practice_interfaces/practice_interfaces/srv/add_two_ints.hpp
[2.469s] -- Up-to-date: /home/jacob/ros2_CPlus/install/practice_interfaces/include/practice_interfaces/practice_interfaces/srv/detail
[2.469s] -- Installing: /home/jacob/ros2_CPlus/install/practice_interfaces/include/practice_interfaces/practice_interfaces/srv/detail/add_two_ints__builder.hpp
[2.469s] -- Installing: /home/jacob/ros2_CPlus/install/practice_interfaces/include/practice_interfaces/practice_interfaces/srv/detail/add_two_ints__traits.hpp
[2.469s] -- Installing: /home/jacob/ros2_CPlus/install/practice_interfaces/include/practice_interfaces/practice_interfaces/srv/detail/add_two_ints__struct.hpp
[2.469s] -- Up-to-date: /home/jacob/ros2_CPlus/install/practice_interfaces/include/practice_interfaces/practice_interfaces
[2.469s] -- Up-to-date: /home/jacob/ros2_CPlus/install/practice_interfaces/include/practice_interfaces/practice_interfaces/srv
[2.469s] -- Up-to-date: /home/jacob/ros2_CPlus/install/practice_interfaces/include/practice_interfaces/practice_interfaces/srv/detail
[2.469s] -- Installing: /home/jacob/ros2_CPlus/install/practice_interfaces/include/practice_interfaces/practice_interfaces/srv/detail/dds_fastrtps
[2.469s] -- Installing: /home/jacob/ros2_CPlus/install/practice_interfaces/include/practice_interfaces/practice_interfaces/srv/detail/add_two_ints__rosidl_typesupport_fastrtps_cpp.hpp
[2.469s] -- Up-to-date: /home/jacob/ros2_CPlus/install/practice_interfaces/include/practice_interfaces/practice_interfaces/msg
[2.470s] -- Installing: /home/jacob/ros2_CPlus/install/practice_interfaces/include/practice_interfaces/practice_interfaces/msg/rosidl_typesupport_fastrtps_cpp__visibility_control.h
[2.470s] -- Installing: /home/jacob/ros2_CPlus/install/practice_interfaces/lib/libpractice_interfaces__rosidl_typesupport_fastrtps_cpp.so
[2.470s] -- Set runtime path of "/home/jacob/ros2_CPlus/install/practice_interfaces/lib/libpractice_interfaces__rosidl_typesupport_fastrtps_cpp.so" to ""
[2.470s] -- Up-to-date: /home/jacob/ros2_CPlus/install/practice_interfaces/include/practice_interfaces/practice_interfaces
[2.470s] -- Up-to-date: /home/jacob/ros2_CPlus/install/practice_interfaces/include/practice_interfaces/practice_interfaces/srv
[2.470s] -- Up-to-date: /home/jacob/ros2_CPlus/install/practice_interfaces/include/practice_interfaces/practice_interfaces/srv/detail
[2.470s] -- Installing: /home/jacob/ros2_CPlus/install/practice_interfaces/include/practice_interfaces/practice_interfaces/srv/detail/add_two_ints__type_support.cpp
[2.470s] -- Installing: /home/jacob/ros2_CPlus/install/practice_interfaces/include/practice_interfaces/practice_interfaces/srv/detail/add_two_ints__rosidl_typesupport_introspection_cpp.hpp
[2.470s] -- Installing: /home/jacob/ros2_CPlus/install/practice_interfaces/lib/libpractice_interfaces__rosidl_typesupport_introspection_cpp.so
[2.471s] -- Set runtime path of "/home/jacob/ros2_CPlus/install/practice_interfaces/lib/libpractice_interfaces__rosidl_typesupport_introspection_cpp.so" to ""
[2.471s] -- Installing: /home/jacob/ros2_CPlus/install/practice_interfaces/lib/libpractice_interfaces__rosidl_typesupport_cpp.so
[2.471s] -- Set runtime path of "/home/jacob/ros2_CPlus/install/practice_interfaces/lib/libpractice_interfaces__rosidl_typesupport_cpp.so" to ""
[2.471s] -- Installing: /home/jacob/ros2_CPlus/install/practice_interfaces/share/practice_interfaces/environment/pythonpath.sh
[2.471s] -- Installing: /home/jacob/ros2_CPlus/install/practice_interfaces/share/practice_interfaces/environment/pythonpath.dsv
[2.471s] -- Installing: /home/jacob/ros2_CPlus/install/practice_interfaces/local/lib/python3.10/dist-packages/practice_interfaces-0.0.0-py3.10.egg-info
[2.472s] -- Installing: /home/jacob/ros2_CPlus/install/practice_interfaces/local/lib/python3.10/dist-packages/practice_interfaces-0.0.0-py3.10.egg-info/top_level.txt
[2.472s] -- Installing: /home/jacob/ros2_CPlus/install/practice_interfaces/local/lib/python3.10/dist-packages/practice_interfaces-0.0.0-py3.10.egg-info/SOURCES.txt
[2.472s] -- Installing: /home/jacob/ros2_CPlus/install/practice_interfaces/local/lib/python3.10/dist-packages/practice_interfaces-0.0.0-py3.10.egg-info/PKG-INFO
[2.472s] -- Installing: /home/jacob/ros2_CPlus/install/practice_interfaces/local/lib/python3.10/dist-packages/practice_interfaces-0.0.0-py3.10.egg-info/dependency_links.txt
[2.472s] -- Installing: /home/jacob/ros2_CPlus/install/practice_interfaces/local/lib/python3.10/dist-packages/practice_interfaces
[2.472s] -- Installing: /home/jacob/ros2_CPlus/install/practice_interfaces/local/lib/python3.10/dist-packages/practice_interfaces/srv
[2.472s] -- Installing: /home/jacob/ros2_CPlus/install/practice_interfaces/local/lib/python3.10/dist-packages/practice_interfaces/srv/__init__.py
[2.472s] -- Installing: /home/jacob/ros2_CPlus/install/practice_interfaces/local/lib/python3.10/dist-packages/practice_interfaces/srv/_add_two_ints.py
[2.473s] -- Installing: /home/jacob/ros2_CPlus/install/practice_interfaces/local/lib/python3.10/dist-packages/practice_interfaces/srv/_add_two_ints_s.c
[2.473s] -- Installing: /home/jacob/ros2_CPlus/install/practice_interfaces/local/lib/python3.10/dist-packages/practice_interfaces/_practice_interfaces_s.ep.rosidl_typesupport_fastrtps_c.c
[2.473s] -- Installing: /home/jacob/ros2_CPlus/install/practice_interfaces/local/lib/python3.10/dist-packages/practice_interfaces/libpractice_interfaces__rosidl_generator_py.so
[2.473s] -- Installing: /home/jacob/ros2_CPlus/install/practice_interfaces/local/lib/python3.10/dist-packages/practice_interfaces/_practice_interfaces_s.ep.rosidl_typesupport_introspection_c.c
[2.473s] -- Installing: /home/jacob/ros2_CPlus/install/practice_interfaces/local/lib/python3.10/dist-packages/practice_interfaces/practice_interfaces_s__rosidl_typesupport_c.cpython-310-x86_64-linux-gnu.so
[2.473s] -- Installing: /home/jacob/ros2_CPlus/install/practice_interfaces/local/lib/python3.10/dist-packages/practice_interfaces/__init__.py
[2.473s] -- Installing: /home/jacob/ros2_CPlus/install/practice_interfaces/local/lib/python3.10/dist-packages/practice_interfaces/practice_interfaces_s__rosidl_typesupport_introspection_c.cpython-310-x86_64-linux-gnu.so
[2.474s] -- Installing: /home/jacob/ros2_CPlus/install/practice_interfaces/local/lib/python3.10/dist-packages/practice_interfaces/practice_interfaces_s__rosidl_typesupport_fastrtps_c.cpython-310-x86_64-linux-gnu.so
[2.474s] -- Installing: /home/jacob/ros2_CPlus/install/practice_interfaces/local/lib/python3.10/dist-packages/practice_interfaces/_practice_interfaces_s.ep.rosidl_typesupport_c.c
[2.508s] Listing '/home/jacob/ros2_CPlus/install/practice_interfaces/local/lib/python3.10/dist-packages/practice_interfaces'...
[2.508s] Compiling '/home/jacob/ros2_CPlus/install/practice_interfaces/local/lib/python3.10/dist-packages/practice_interfaces/__init__.py'...
[2.508s] Listing '/home/jacob/ros2_CPlus/install/practice_interfaces/local/lib/python3.10/dist-packages/practice_interfaces/srv'...
[2.508s] Compiling '/home/jacob/ros2_CPlus/install/practice_interfaces/local/lib/python3.10/dist-packages/practice_interfaces/srv/__init__.py'...
[2.508s] Compiling '/home/jacob/ros2_CPlus/install/practice_interfaces/local/lib/python3.10/dist-packages/practice_interfaces/srv/_add_two_ints.py'...
[2.511s] -- Installing: /home/jacob/ros2_CPlus/install/practice_interfaces/local/lib/python3.10/dist-packages/practice_interfaces/practice_interfaces_s__rosidl_typesupport_fastrtps_c.cpython-310-x86_64-linux-gnu.so
[2.512s] -- Set runtime path of "/home/jacob/ros2_CPlus/install/practice_interfaces/local/lib/python3.10/dist-packages/practice_interfaces/practice_interfaces_s__rosidl_typesupport_fastrtps_c.cpython-310-x86_64-linux-gnu.so" to ""
[2.512s] -- Installing: /home/jacob/ros2_CPlus/install/practice_interfaces/local/lib/python3.10/dist-packages/practice_interfaces/practice_interfaces_s__rosidl_typesupport_introspection_c.cpython-310-x86_64-linux-gnu.so
[2.512s] -- Set runtime path of "/home/jacob/ros2_CPlus/install/practice_interfaces/local/lib/python3.10/dist-packages/practice_interfaces/practice_interfaces_s__rosidl_typesupport_introspection_c.cpython-310-x86_64-linux-gnu.so" to ""
[2.512s] -- Installing: /home/jacob/ros2_CPlus/install/practice_interfaces/local/lib/python3.10/dist-packages/practice_interfaces/practice_interfaces_s__rosidl_typesupport_c.cpython-310-x86_64-linux-gnu.so
[2.513s] -- Set runtime path of "/home/jacob/ros2_CPlus/install/practice_interfaces/local/lib/python3.10/dist-packages/practice_interfaces/practice_interfaces_s__rosidl_typesupport_c.cpython-310-x86_64-linux-gnu.so" to ""
[2.513s] -- Installing: /home/jacob/ros2_CPlus/install/practice_interfaces/lib/libpractice_interfaces__rosidl_generator_py.so
[2.513s] -- Set runtime path of "/home/jacob/ros2_CPlus/install/practice_interfaces/lib/libpractice_interfaces__rosidl_generator_py.so" to ""
[2.513s] -- Installing: /home/jacob/ros2_CPlus/install/practice_interfaces/share/practice_interfaces/srv/AddTwoInts.idl
[2.513s] -- Installing: /home/jacob/ros2_CPlus/install/practice_interfaces/share/practice_interfaces/srv/AddTwoInts.srv
[2.513s] -- Installing: /home/jacob/ros2_CPlus/install/practice_interfaces/share/practice_interfaces/srv/AddTwoInts_Request.msg
[2.514s] -- Installing: /home/jacob/ros2_CPlus/install/practice_interfaces/share/practice_interfaces/srv/AddTwoInts_Response.msg
[2.514s] -- Installing: /home/jacob/ros2_CPlus/install/practice_interfaces/share/ament_index/resource_index/package_run_dependencies/practice_interfaces
[2.514s] -- Installing: /home/jacob/ros2_CPlus/install/practice_interfaces/share/ament_index/resource_index/parent_prefix_path/practice_interfaces
[2.514s] -- Installing: /home/jacob/ros2_CPlus/install/practice_interfaces/share/practice_interfaces/environment/ament_prefix_path.sh
[2.514s] -- Installing: /home/jacob/ros2_CPlus/install/practice_interfaces/share/practice_interfaces/environment/ament_prefix_path.dsv
[2.514s] -- Installing: /home/jacob/ros2_CPlus/install/practice_interfaces/share/practice_interfaces/environment/path.sh
[2.515s] -- Installing: /home/jacob/ros2_CPlus/install/practice_interfaces/share/practice_interfaces/environment/path.dsv
[2.515s] -- Installing: /home/jacob/ros2_CPlus/install/practice_interfaces/share/practice_interfaces/local_setup.bash
[2.515s] -- Installing: /home/jacob/ros2_CPlus/install/practice_interfaces/share/practice_interfaces/local_setup.sh
[2.515s] -- Installing: /home/jacob/ros2_CPlus/install/practice_interfaces/share/practice_interfaces/local_setup.zsh
[2.515s] -- Installing: /home/jacob/ros2_CPlus/install/practice_interfaces/share/practice_interfaces/local_setup.dsv
[2.515s] -- Installing: /home/jacob/ros2_CPlus/install/practice_interfaces/share/practice_interfaces/package.dsv
[2.515s] -- Installing: /home/jacob/ros2_CPlus/install/practice_interfaces/share/ament_index/resource_index/packages/practice_interfaces
[2.516s] -- Installing: /home/jacob/ros2_CPlus/install/practice_interfaces/share/practice_interfaces/cmake/export_practice_interfaces__rosidl_generator_cExport.cmake
[2.516s] -- Installing: /home/jacob/ros2_CPlus/install/practice_interfaces/share/practice_interfaces/cmake/export_practice_interfaces__rosidl_generator_cExport-noconfig.cmake
[2.516s] -- Installing: /home/jacob/ros2_CPlus/install/practice_interfaces/share/practice_interfaces/cmake/export_practice_interfaces__rosidl_typesupport_fastrtps_cExport.cmake
[2.516s] -- Installing: /home/jacob/ros2_CPlus/install/practice_interfaces/share/practice_interfaces/cmake/export_practice_interfaces__rosidl_typesupport_fastrtps_cExport-noconfig.cmake
[2.516s] -- Installing: /home/jacob/ros2_CPlus/install/practice_interfaces/share/practice_interfaces/cmake/practice_interfaces__rosidl_typesupport_introspection_cExport.cmake
[2.516s] -- Installing: /home/jacob/ros2_CPlus/install/practice_interfaces/share/practice_interfaces/cmake/practice_interfaces__rosidl_typesupport_introspection_cExport-noconfig.cmake
[2.516s] -- Installing: /home/jacob/ros2_CPlus/install/practice_interfaces/share/practice_interfaces/cmake/practice_interfaces__rosidl_typesupport_cExport.cmake
[2.517s] -- Installing: /home/jacob/ros2_CPlus/install/practice_interfaces/share/practice_interfaces/cmake/practice_interfaces__rosidl_typesupport_cExport-noconfig.cmake
[2.517s] -- Installing: /home/jacob/ros2_CPlus/install/practice_interfaces/share/practice_interfaces/cmake/export_practice_interfaces__rosidl_generator_cppExport.cmake
[2.517s] -- Installing: /home/jacob/ros2_CPlus/install/practice_interfaces/share/practice_interfaces/cmake/export_practice_interfaces__rosidl_typesupport_fastrtps_cppExport.cmake
[2.517s] -- Installing: /home/jacob/ros2_CPlus/install/practice_interfaces/share/practice_interfaces/cmake/export_practice_interfaces__rosidl_typesupport_fastrtps_cppExport-noconfig.cmake
[2.517s] -- Installing: /home/jacob/ros2_CPlus/install/practice_interfaces/share/practice_interfaces/cmake/practice_interfaces__rosidl_typesupport_introspection_cppExport.cmake
[2.517s] -- Installing: /home/jacob/ros2_CPlus/install/practice_interfaces/share/practice_interfaces/cmake/practice_interfaces__rosidl_typesupport_introspection_cppExport-noconfig.cmake
[2.517s] -- Installing: /home/jacob/ros2_CPlus/install/practice_interfaces/share/practice_interfaces/cmake/practice_interfaces__rosidl_typesupport_cppExport.cmake
[2.518s] -- Installing: /home/jacob/ros2_CPlus/install/practice_interfaces/share/practice_interfaces/cmake/practice_interfaces__rosidl_typesupport_cppExport-noconfig.cmake
[2.518s] -- Installing: /home/jacob/ros2_CPlus/install/practice_interfaces/share/practice_interfaces/cmake/export_practice_interfaces__rosidl_generator_pyExport.cmake
[2.518s] -- Installing: /home/jacob/ros2_CPlus/install/practice_interfaces/share/practice_interfaces/cmake/export_practice_interfaces__rosidl_generator_pyExport-noconfig.cmake
[2.518s] -- Installing: /home/jacob/ros2_CPlus/install/practice_interfaces/share/practice_interfaces/cmake/rosidl_cmake-extras.cmake
[2.518s] -- Installing: /home/jacob/ros2_CPlus/install/practice_interfaces/share/practice_interfaces/cmake/ament_cmake_export_include_directories-extras.cmake
[2.518s] -- Installing: /home/jacob/ros2_CPlus/install/practice_interfaces/share/practice_interfaces/cmake/ament_cmake_export_libraries-extras.cmake
[2.518s] -- Installing: /home/jacob/ros2_CPlus/install/practice_interfaces/share/practice_interfaces/cmake/ament_cmake_export_targets-extras.cmake
[2.519s] -- Installing: /home/jacob/ros2_CPlus/install/practice_interfaces/share/practice_interfaces/cmake/rosidl_cmake_export_typesupport_targets-extras.cmake
[2.519s] -- Installing: /home/jacob/ros2_CPlus/install/practice_interfaces/share/practice_interfaces/cmake/ament_cmake_export_dependencies-extras.cmake
[2.519s] -- Installing: /home/jacob/ros2_CPlus/install/practice_interfaces/share/practice_interfaces/cmake/rosidl_cmake_export_typesupport_libraries-extras.cmake
[2.519s] -- Installing: /home/jacob/ros2_CPlus/install/practice_interfaces/share/practice_interfaces/cmake/practice_interfacesConfig.cmake
[2.519s] -- Installing: /home/jacob/ros2_CPlus/install/practice_interfaces/share/practice_interfaces/cmake/practice_interfacesConfig-version.cmake
[2.519s] -- Installing: /home/jacob/ros2_CPlus/install/practice_interfaces/share/practice_interfaces/package.xml
[2.522s] Invoked command in '/home/jacob/ros2_CPlus/build/practice_interfaces' returned '0': CMAKE_PREFIX_PATH=${CMAKE_PREFIX_PATH}:/opt/ros/humble /usr/bin/cmake --install /home/jacob/ros2_CPlus/build/practice_interfaces
