[0.010s] Invoking command in '/home/jacob/ros2_CPlus/build/cpp_pubsub': CMAKE_PREFIX_PATH=${CMAKE_PREFIX_PATH}:/opt/ros/humble /usr/bin/cmake --build /home/jacob/ros2_CPlus/build/cpp_pubsub -- -j16 -l16
[0.049s] -- Found ament_cmake: 1.3.8 (/opt/ros/humble/share/ament_cmake/cmake)
[0.146s] -- Found rclcpp: 16.0.8 (/opt/ros/humble/share/rclcpp/cmake)
[0.201s] -- Found rosidl_generator_c: 3.1.5 (/opt/ros/humble/share/rosidl_generator_c/cmake)
[0.204s] -- Found rosidl_adapter: 3.1.5 (/opt/ros/humble/share/rosidl_adapter/cmake)
[0.232s] -- Found rosidl_generator_cpp: 3.1.5 (/opt/ros/humble/share/rosidl_generator_cpp/cmake)
[0.245s] -- Using all available rosidl_typesupport_c: rosidl_typesupport_fastrtps_c;rosidl_typesupport_introspection_c
[0.258s] -- Using all available rosidl_typesupport_cpp: rosidl_typesupport_fastrtps_cpp;rosidl_typesupport_introspection_cpp
[0.311s] -- Found rmw_implementation_cmake: 6.1.1 (/opt/ros/humble/share/rmw_implementation_cmake/cmake)
[0.313s] -- Found rmw_fastrtps_cpp: 6.2.6 (/opt/ros/humble/share/rmw_fastrtps_cpp/cmake)
[0.434s] -- Using RMW implementation 'rmw_fastrtps_cpp' as default
[0.571s] [31mCMake Error at CMakeLists.txt:12 (find_package):
[0.572s]   By not providing "Findpractice_interfaces.cmake" in CMAKE_MODULE_PATH this
[0.572s]   project has asked CMake to find a package configuration file provided by
[0.572s]   "practice_interfaces", but CMake did not find one.
[0.572s] 
[0.572s]   Could not find a package configuration file provided by
[0.572s]   "practice_interfaces" with any of the following names:
[0.572s] 
[0.572s]     practice_interfacesConfig.cmake
[0.572s]     practice_interfaces-config.cmake
[0.572s] 
[0.572s]   Add the installation prefix of "practice_interfaces" to CMAKE_PREFIX_PATH
[0.572s]   or set "practice_interfaces_DIR" to a directory containing one of the above
[0.572s]   files.  If "practice_interfaces" provides a separate development package or
[0.572s]   SDK, be sure it has been installed.
[0.572s] 
[0.573s] [0m
[0.573s] -- Configuring incomplete, errors occurred!
[0.573s] See also "/home/jacob/ros2_CPlus/build/cpp_pubsub/CMakeFiles/CMakeOutput.log".
[0.578s] gmake: *** [Makefile:308: cmake_check_build_system] Error 1
[0.580s] Invoked command in '/home/jacob/ros2_CPlus/build/cpp_pubsub' returned '2': CMAKE_PREFIX_PATH=${CMAKE_PREFIX_PATH}:/opt/ros/humble /usr/bin/cmake --build /home/jacob/ros2_CPlus/build/cpp_pubsub -- -j16 -l16
