[0.016s] Invoking command in '/home/jacob/ros2_CPlus/build/cpp_pubsub': AMENT_PREFIX_PATH=/home/jacob/ros2_CPlus/install/practice_interfaces:${AMENT_PREFIX_PATH} CMAKE_PREFIX_PATH=/home/jacob/ros2_CPlus/install/practice_interfaces:/home/jacob/ros2_CPlus/install/cpp_pubsub:/opt/ros/humble LD_LIBRARY_PATH=/home/jacob/ros2_CPlus/install/practice_interfaces/lib:${LD_LIBRARY_PATH} PYTHONPATH=/home/jacob/ros2_CPlus/install/practice_interfaces/local/lib/python3.10/dist-packages:${PYTHONPATH} /usr/bin/cmake --build /home/jacob/ros2_CPlus/build/cpp_pubsub -- -j16 -l16
[0.039s] -- Found ament_cmake: 1.3.8 (/opt/ros/humble/share/ament_cmake/cmake)
[0.136s] -- Found rclcpp: 16.0.8 (/opt/ros/humble/share/rclcpp/cmake)
[0.162s] -- Found rosidl_generator_c: 3.1.5 (/opt/ros/humble/share/rosidl_generator_c/cmake)
[0.164s] -- Found rosidl_adapter: 3.1.5 (/opt/ros/humble/share/rosidl_adapter/cmake)
[0.168s] -- Found rosidl_generator_cpp: 3.1.5 (/opt/ros/humble/share/rosidl_generator_cpp/cmake)
[0.177s] -- Using all available rosidl_typesupport_c: rosidl_typesupport_fastrtps_c;rosidl_typesupport_introspection_c
[0.189s] -- Using all available rosidl_typesupport_cpp: rosidl_typesupport_fastrtps_cpp;rosidl_typesupport_introspection_cpp
[0.232s] -- Found rmw_implementation_cmake: 6.1.1 (/opt/ros/humble/share/rmw_implementation_cmake/cmake)
[0.233s] -- Found rmw_fastrtps_cpp: 6.2.6 (/opt/ros/humble/share/rmw_fastrtps_cpp/cmake)
[0.345s] -- Using RMW implementation 'rmw_fastrtps_cpp' as default
[0.475s] -- Found practice_interfaces: 0.0.0 (/home/jacob/ros2_CPlus/install/practice_interfaces/share/practice_interfaces/cmake)
[0.486s] [31mCMake Error at /opt/ros/humble/share/ament_cmake_target_dependencies/cmake/ament_target_dependencies.cmake:42 (message):
[0.486s]   ament_target_dependencies() the first argument must be a valid target name
[0.486s] Call Stack (most recent call first):
[0.487s]   CMakeLists.txt:26 (ament_target_dependencies)
[0.487s] 
[0.487s] [0m
[0.487s] -- Configuring incomplete, errors occurred!
[0.487s] See also "/home/jacob/ros2_CPlus/build/cpp_pubsub/CMakeFiles/CMakeOutput.log".
[0.494s] gmake: *** [Makefile:308: cmake_check_build_system] Error 1
[0.496s] Invoked command in '/home/jacob/ros2_CPlus/build/cpp_pubsub' returned '2': AMENT_PREFIX_PATH=/home/jacob/ros2_CPlus/install/practice_interfaces:${AMENT_PREFIX_PATH} CMAKE_PREFIX_PATH=/home/jacob/ros2_CPlus/install/practice_interfaces:/home/jacob/ros2_CPlus/install/cpp_pubsub:/opt/ros/humble LD_LIBRARY_PATH=/home/jacob/ros2_CPlus/install/practice_interfaces/lib:${LD_LIBRARY_PATH} PYTHONPATH=/home/jacob/ros2_CPlus/install/practice_interfaces/local/lib/python3.10/dist-packages:${PYTHONPATH} /usr/bin/cmake --build /home/jacob/ros2_CPlus/build/cpp_pubsub -- -j16 -l16
