[0.012s] Invoking command in '/home/jacob/ros2_CPlus/build/cpp_pubsub': CMAKE_PREFIX_PATH=${CMAKE_PREFIX_PATH}:/opt/ros/humble /usr/bin/cmake --build /home/jacob/ros2_CPlus/build/cpp_pubsub -- -j16 -l16
[0.064s] [ 25%] [32mBuilding CXX object CMakeFiles/AddTwoClient.dir/src/AddClient.cpp.o[0m
[0.064s] [ 25%] [32mBuilding CXX object CMakeFiles/AddTwoServer.dir/src/AddTwoServer.cpp.o[0m
[0.065s] [ 50%] Built target listener
[0.065s] [ 75%] Built target talker
[0.272s] [01m[K/home/jacob/ros2_CPlus/src/cpp_pubsub/src/AddTwoServer.cpp:2:10:[m[K [01;31m[Kfatal error: [m[Kpractice_interfaces/srv/AddTwoInts.hpp: No such file or directory
[0.272s]     2 | #include [01;31m[K"practice_interfaces/srv/AddTwoInts.hpp"[m[K
[0.272s]       |          [01;31m[K^~~~~~~~~~~~~~~~~~~~~~~~~~~~~~~~~~~~~~~~[m[K
[0.272s] [01m[K/home/jacob/ros2_CPlus/src/cpp_pubsub/src/AddClient.cpp:2:10:[m[K [01;31m[Kfatal error: [m[Kpractice_interfaces/srv/AddTwoInts.hpp: No such file or directory
[0.273s]     2 | #include [01;31m[K"practice_interfaces/srv/AddTwoInts.hpp"[m[K
[0.273s]       |          [01;31m[K^~~~~~~~~~~~~~~~~~~~~~~~~~~~~~~~~~~~~~~~[m[K
[0.273s] compilation terminated.
[0.273s] compilation terminated.
[0.276s] gmake[2]: *** [CMakeFiles/AddTwoClient.dir/build.make:76: CMakeFiles/AddTwoClient.dir/src/AddClient.cpp.o] Error 1
[0.276s] gmake[2]: *** [CMakeFiles/AddTwoServer.dir/build.make:76: CMakeFiles/AddTwoServer.dir/src/AddTwoServer.cpp.o] Error 1
[0.276s] gmake[1]: *** [CMakeFiles/Makefile2:195: CMakeFiles/AddTwoServer.dir/all] Error 2
[0.276s] gmake[1]: *** Waiting for unfinished jobs....
[0.276s] gmake[1]: *** [CMakeFiles/Makefile2:221: CMakeFiles/AddTwoClient.dir/all] Error 2
[0.276s] gmake: *** [Makefile:146: all] Error 2
[0.279s] Invoked command in '/home/jacob/ros2_CPlus/build/cpp_pubsub' returned '2': CMAKE_PREFIX_PATH=${CMAKE_PREFIX_PATH}:/opt/ros/humble /usr/bin/cmake --build /home/jacob/ros2_CPlus/build/cpp_pubsub -- -j16 -l16
