[0.009s] Invoking command in '/home/jacob/ros2_CPlus/build/cpp_pubsub': AMENT_PREFIX_PATH=/home/jacob/ros2_CPlus/install/practice_interfaces:${AMENT_PREFIX_PATH} CMAKE_PREFIX_PATH=/home/jacob/ros2_CPlus/install/practice_interfaces:/home/jacob/ros2_CPlus/install/cpp_pubsub:/opt/ros/humble LD_LIBRARY_PATH=/home/jacob/ros2_CPlus/install/practice_interfaces/lib:${LD_LIBRARY_PATH} PYTHONPATH=/home/jacob/ros2_CPlus/install/practice_interfaces/local/lib/python3.10/dist-packages:${PYTHONPATH} /usr/bin/cmake --build /home/jacob/ros2_CPlus/build/cpp_pubsub -- -j16 -l16
[0.032s] -- Found ament_cmake: 1.3.8 (/opt/ros/humble/share/ament_cmake/cmake)
[0.133s] -- Found rclcpp: 16.0.8 (/opt/ros/humble/share/rclcpp/cmake)
[0.158s] -- Found rosidl_generator_c: 3.1.5 (/opt/ros/humble/share/rosidl_generator_c/cmake)
[0.159s] -- Found rosidl_adapter: 3.1.5 (/opt/ros/humble/share/rosidl_adapter/cmake)
[0.164s] -- Found rosidl_generator_cpp: 3.1.5 (/opt/ros/humble/share/rosidl_generator_cpp/cmake)
[0.172s] -- Using all available rosidl_typesupport_c: rosidl_typesupport_fastrtps_c;rosidl_typesupport_introspection_c
[0.184s] -- Using all available rosidl_typesupport_cpp: rosidl_typesupport_fastrtps_cpp;rosidl_typesupport_introspection_cpp
[0.227s] -- Found rmw_implementation_cmake: 6.1.1 (/opt/ros/humble/share/rmw_implementation_cmake/cmake)
[0.228s] -- Found rmw_fastrtps_cpp: 6.2.6 (/opt/ros/humble/share/rmw_fastrtps_cpp/cmake)
[0.339s] -- Using RMW implementation 'rmw_fastrtps_cpp' as default
[0.457s] -- Found practice_interfaces: 0.0.0 (/home/jacob/ros2_CPlus/install/practice_interfaces/share/practice_interfaces/cmake)
[0.469s] -- Found ament_lint_auto: 0.12.10 (/opt/ros/humble/share/ament_lint_auto/cmake)
[0.524s] -- Added test 'cppcheck' to perform static code analysis on C / C++ code
[0.524s] -- Configured cppcheck include dirs: 
[0.524s] -- Configured cppcheck exclude dirs and/or files: 
[0.524s] -- Added test 'lint_cmake' to check CMake code style
[0.525s] -- Added test 'uncrustify' to check C / C++ code style
[0.525s] -- Configured uncrustify additional arguments: 
[0.525s] -- Added test 'xmllint' to check XML markup files
[0.526s] -- Configuring done
[0.529s] [31mCMake Error at CMakeLists.txt:25 (add_executable):
[0.529s]   Cannot find source file:
[0.529s] 
[0.529s]     src/addTwoServer.cpp
[0.530s] 
[0.530s]   Tried extensions .c .C .c++ .cc .cpp .cxx .cu .mpp .m .M .mm .ixx .cppm .h
[0.530s]   .hh .h++ .hm .hpp .hxx .in .txx .f .F .for .f77 .f90 .f95 .f03 .hip .ispc
[0.530s] 
[0.530s] [0m
[0.530s] [31mCMake Error at CMakeLists.txt:28 (add_executable):
[0.530s]   Cannot find source file:
[0.530s] 
[0.530s]     src/addClient.cpp
[0.530s] 
[0.530s]   Tried extensions .c .C .c++ .cc .cpp .cxx .cu .mpp .m .M .mm .ixx .cppm .h
[0.530s]   .hh .h++ .hm .hpp .hxx .in .txx .f .F .for .f77 .f90 .f95 .f03 .hip .ispc
[0.530s] 
[0.531s] [0m
[0.531s] [31mCMake Error at CMakeLists.txt:25 (add_executable):
[0.531s]   No SOURCES given to target: AddTwoServer
[0.531s] 
[0.531s] [0m
[0.531s] [31mCMake Error at CMakeLists.txt:28 (add_executable):
[0.531s]   No SOURCES given to target: AddTwoClient
[0.531s] 
[0.531s] [0m
[0.531s] [0mCMake Generate step failed.  Build files cannot be regenerated correctly.[0m
[0.537s] gmake: *** [Makefile:308: cmake_check_build_system] Error 1
[0.540s] Invoked command in '/home/jacob/ros2_CPlus/build/cpp_pubsub' returned '2': AMENT_PREFIX_PATH=/home/jacob/ros2_CPlus/install/practice_interfaces:${AMENT_PREFIX_PATH} CMAKE_PREFIX_PATH=/home/jacob/ros2_CPlus/install/practice_interfaces:/home/jacob/ros2_CPlus/install/cpp_pubsub:/opt/ros/humble LD_LIBRARY_PATH=/home/jacob/ros2_CPlus/install/practice_interfaces/lib:${LD_LIBRARY_PATH} PYTHONPATH=/home/jacob/ros2_CPlus/install/practice_interfaces/local/lib/python3.10/dist-packages:${PYTHONPATH} /usr/bin/cmake --build /home/jacob/ros2_CPlus/build/cpp_pubsub -- -j16 -l16
